Wed, 17 May 2023 01:46:42 train_maxwellnet.py[line:37] INFO training examples/spheric_te
Wed, 17 May 2023 01:46:42 train_maxwellnet.py[line:55] INFO Experiment description: 
This experiment learns to solve the Maxwell's equations for a spheric lens data.
Wed, 17 May 2023 01:46:47 train_maxwellnet.py[line:63] DEBUG {'depth': 6, 'filter': 16, 'norm': 'weight', 'up_mode': 'upconv'}
Wed, 17 May 2023 01:46:47 train_maxwellnet.py[line:64] DEBUG {'wavelength': 1, 'dpl': 20, 'Nx': 160, 'Nz': 192, 'pml_thickness': 30, 'symmetry_x': True, 'mode': 'te', 'high_order': 'fourth'}
Wed, 17 May 2023 01:46:47 train_maxwellnet.py[line:98] INFO Train Dataset length: 1
Wed, 17 May 2023 01:46:47 train_maxwellnet.py[line:129] INFO Training start
Wed, 17 May 2023 01:46:55 train_maxwellnet.py[line:136] INFO [Train] 1 epoch. Loss: 397.63705
Wed, 17 May 2023 01:46:55 train_maxwellnet.py[line:136] INFO [Train] 2 epoch. Loss: 397.59851
Wed, 17 May 2023 01:46:56 train_maxwellnet.py[line:136] INFO [Train] 3 epoch. Loss: 397.55542
Wed, 17 May 2023 01:46:56 train_maxwellnet.py[line:136] INFO [Train] 4 epoch. Loss: 397.50470
Wed, 17 May 2023 01:46:56 train_maxwellnet.py[line:136] INFO [Train] 5 epoch. Loss: 397.44333
Wed, 17 May 2023 01:46:56 train_maxwellnet.py[line:136] INFO [Train] 6 epoch. Loss: 397.36743
Wed, 17 May 2023 01:46:56 train_maxwellnet.py[line:136] INFO [Train] 7 epoch. Loss: 397.27173
Wed, 17 May 2023 01:46:56 train_maxwellnet.py[line:136] INFO [Train] 8 epoch. Loss: 397.14865
Wed, 17 May 2023 01:46:56 train_maxwellnet.py[line:136] INFO [Train] 9 epoch. Loss: 396.98792
Wed, 17 May 2023 01:46:56 train_maxwellnet.py[line:136] INFO [Train] 10 epoch. Loss: 396.77502
Wed, 17 May 2023 01:46:56 train_maxwellnet.py[line:136] INFO [Train] 11 epoch. Loss: 396.49057
Wed, 17 May 2023 01:46:56 train_maxwellnet.py[line:136] INFO [Train] 12 epoch. Loss: 396.10852
Wed, 17 May 2023 01:46:56 train_maxwellnet.py[line:136] INFO [Train] 13 epoch. Loss: 395.59454
Wed, 17 May 2023 01:46:56 train_maxwellnet.py[line:136] INFO [Train] 14 epoch. Loss: 394.90509
Wed, 17 May 2023 01:46:56 train_maxwellnet.py[line:136] INFO [Train] 15 epoch. Loss: 393.98492
Wed, 17 May 2023 01:46:56 train_maxwellnet.py[line:136] INFO [Train] 16 epoch. Loss: 392.76700
Wed, 17 May 2023 01:46:56 train_maxwellnet.py[line:136] INFO [Train] 17 epoch. Loss: 391.17111
Wed, 17 May 2023 01:46:56 train_maxwellnet.py[line:136] INFO [Train] 18 epoch. Loss: 389.10373
Wed, 17 May 2023 01:46:56 train_maxwellnet.py[line:136] INFO [Train] 19 epoch. Loss: 386.46133
Wed, 17 May 2023 01:46:56 train_maxwellnet.py[line:136] INFO [Train] 20 epoch. Loss: 383.12567
Wed, 17 May 2023 01:46:56 train_maxwellnet.py[line:136] INFO [Train] 21 epoch. Loss: 378.97180
Wed, 17 May 2023 01:46:56 train_maxwellnet.py[line:136] INFO [Train] 22 epoch. Loss: 373.87827
Wed, 17 May 2023 01:46:56 train_maxwellnet.py[line:136] INFO [Train] 23 epoch. Loss: 367.70609
Wed, 17 May 2023 01:46:56 train_maxwellnet.py[line:136] INFO [Train] 24 epoch. Loss: 360.33258
Wed, 17 May 2023 01:46:56 train_maxwellnet.py[line:136] INFO [Train] 25 epoch. Loss: 351.64621
Wed, 17 May 2023 01:46:56 train_maxwellnet.py[line:136] INFO [Train] 26 epoch. Loss: 341.54257
Wed, 17 May 2023 01:46:56 train_maxwellnet.py[line:136] INFO [Train] 27 epoch. Loss: 329.94617
Wed, 17 May 2023 01:46:57 train_maxwellnet.py[line:136] INFO [Train] 28 epoch. Loss: 316.80090
Wed, 17 May 2023 01:46:57 train_maxwellnet.py[line:136] INFO [Train] 29 epoch. Loss: 302.11096
Wed, 17 May 2023 01:46:57 train_maxwellnet.py[line:136] INFO [Train] 30 epoch. Loss: 285.88211
Wed, 17 May 2023 01:46:57 train_maxwellnet.py[line:136] INFO [Train] 31 epoch. Loss: 268.20468
Wed, 17 May 2023 01:46:57 train_maxwellnet.py[line:136] INFO [Train] 32 epoch. Loss: 249.20145
Wed, 17 May 2023 01:46:57 train_maxwellnet.py[line:136] INFO [Train] 33 epoch. Loss: 229.04839
Wed, 17 May 2023 01:46:57 train_maxwellnet.py[line:136] INFO [Train] 34 epoch. Loss: 208.02249
Wed, 17 May 2023 01:46:57 train_maxwellnet.py[line:136] INFO [Train] 35 epoch. Loss: 186.35603
Wed, 17 May 2023 01:46:57 train_maxwellnet.py[line:136] INFO [Train] 36 epoch. Loss: 164.40317
Wed, 17 May 2023 01:46:57 train_maxwellnet.py[line:136] INFO [Train] 37 epoch. Loss: 142.56250
Wed, 17 May 2023 01:46:57 train_maxwellnet.py[line:136] INFO [Train] 38 epoch. Loss: 121.34087
Wed, 17 May 2023 01:46:57 train_maxwellnet.py[line:136] INFO [Train] 39 epoch. Loss: 101.27530
Wed, 17 May 2023 01:46:57 train_maxwellnet.py[line:136] INFO [Train] 40 epoch. Loss: 83.07032
Wed, 17 May 2023 01:46:57 train_maxwellnet.py[line:136] INFO [Train] 41 epoch. Loss: 67.47876
Wed, 17 May 2023 01:46:57 train_maxwellnet.py[line:136] INFO [Train] 42 epoch. Loss: 55.31837
Wed, 17 May 2023 01:46:57 train_maxwellnet.py[line:136] INFO [Train] 43 epoch. Loss: 47.47640
Wed, 17 May 2023 01:46:57 train_maxwellnet.py[line:136] INFO [Train] 44 epoch. Loss: 45.13300
Wed, 17 May 2023 01:46:57 train_maxwellnet.py[line:136] INFO [Train] 45 epoch. Loss: 48.00365
Wed, 17 May 2023 01:46:57 train_maxwellnet.py[line:136] INFO [Train] 46 epoch. Loss: 53.68890
Wed, 17 May 2023 01:46:57 train_maxwellnet.py[line:136] INFO [Train] 47 epoch. Loss: 60.11486
Wed, 17 May 2023 01:46:57 train_maxwellnet.py[line:136] INFO [Train] 48 epoch. Loss: 65.69283
Wed, 17 May 2023 01:46:57 train_maxwellnet.py[line:136] INFO [Train] 49 epoch. Loss: 69.44914
Wed, 17 May 2023 01:46:57 train_maxwellnet.py[line:136] INFO [Train] 50 epoch. Loss: 70.96317
Wed, 17 May 2023 01:46:57 train_maxwellnet.py[line:136] INFO [Train] 51 epoch. Loss: 70.23723
Wed, 17 May 2023 01:46:57 train_maxwellnet.py[line:136] INFO [Train] 52 epoch. Loss: 67.58441
Wed, 17 May 2023 01:46:57 train_maxwellnet.py[line:136] INFO [Train] 53 epoch. Loss: 63.53653
Wed, 17 May 2023 01:46:58 train_maxwellnet.py[line:136] INFO [Train] 54 epoch. Loss: 58.71811
Wed, 17 May 2023 01:46:58 train_maxwellnet.py[line:136] INFO [Train] 55 epoch. Loss: 53.76856
Wed, 17 May 2023 01:46:58 train_maxwellnet.py[line:136] INFO [Train] 56 epoch. Loss: 49.28360
Wed, 17 May 2023 01:46:58 train_maxwellnet.py[line:136] INFO [Train] 57 epoch. Loss: 45.75166
Wed, 17 May 2023 01:46:58 train_maxwellnet.py[line:136] INFO [Train] 58 epoch. Loss: 43.56826
Wed, 17 May 2023 01:46:58 train_maxwellnet.py[line:136] INFO [Train] 59 epoch. Loss: 42.99130
Wed, 17 May 2023 01:46:58 train_maxwellnet.py[line:136] INFO [Train] 60 epoch. Loss: 43.53805
Wed, 17 May 2023 01:46:58 train_maxwellnet.py[line:136] INFO [Train] 61 epoch. Loss: 44.30920
Wed, 17 May 2023 01:46:58 train_maxwellnet.py[line:136] INFO [Train] 62 epoch. Loss: 44.82100
Wed, 17 May 2023 01:46:58 train_maxwellnet.py[line:136] INFO [Train] 63 epoch. Loss: 44.85680
Wed, 17 May 2023 01:46:58 train_maxwellnet.py[line:136] INFO [Train] 64 epoch. Loss: 44.43319
Wed, 17 May 2023 01:46:58 train_maxwellnet.py[line:136] INFO [Train] 65 epoch. Loss: 43.67111
Wed, 17 May 2023 01:46:58 train_maxwellnet.py[line:136] INFO [Train] 66 epoch. Loss: 42.73898
Wed, 17 May 2023 01:46:58 train_maxwellnet.py[line:136] INFO [Train] 67 epoch. Loss: 41.93251
Wed, 17 May 2023 01:46:58 train_maxwellnet.py[line:136] INFO [Train] 68 epoch. Loss: 41.55583
Wed, 17 May 2023 01:46:58 train_maxwellnet.py[line:136] INFO [Train] 69 epoch. Loss: 41.60239
Wed, 17 May 2023 01:46:58 train_maxwellnet.py[line:136] INFO [Train] 70 epoch. Loss: 41.69524
Wed, 17 May 2023 01:46:58 train_maxwellnet.py[line:136] INFO [Train] 71 epoch. Loss: 41.59067
Wed, 17 May 2023 01:46:58 train_maxwellnet.py[line:136] INFO [Train] 72 epoch. Loss: 41.26172
Wed, 17 May 2023 01:46:58 train_maxwellnet.py[line:136] INFO [Train] 73 epoch. Loss: 40.80864
Wed, 17 May 2023 01:46:58 train_maxwellnet.py[line:136] INFO [Train] 74 epoch. Loss: 40.42934
Wed, 17 May 2023 01:46:58 train_maxwellnet.py[line:136] INFO [Train] 75 epoch. Loss: 40.28176
Wed, 17 May 2023 01:46:58 train_maxwellnet.py[line:136] INFO [Train] 76 epoch. Loss: 40.24540
Wed, 17 May 2023 01:46:58 train_maxwellnet.py[line:136] INFO [Train] 77 epoch. Loss: 40.08635
Wed, 17 May 2023 01:46:58 train_maxwellnet.py[line:136] INFO [Train] 78 epoch. Loss: 39.77185
Wed, 17 May 2023 01:46:58 train_maxwellnet.py[line:136] INFO [Train] 79 epoch. Loss: 39.40936
Wed, 17 May 2023 01:46:59 train_maxwellnet.py[line:136] INFO [Train] 80 epoch. Loss: 39.16362
Wed, 17 May 2023 01:46:59 train_maxwellnet.py[line:136] INFO [Train] 81 epoch. Loss: 39.03209
Wed, 17 May 2023 01:46:59 train_maxwellnet.py[line:136] INFO [Train] 82 epoch. Loss: 38.84509
Wed, 17 May 2023 01:46:59 train_maxwellnet.py[line:136] INFO [Train] 83 epoch. Loss: 38.54463
Wed, 17 May 2023 01:46:59 train_maxwellnet.py[line:136] INFO [Train] 84 epoch. Loss: 38.18692
Wed, 17 May 2023 01:46:59 train_maxwellnet.py[line:136] INFO [Train] 85 epoch. Loss: 37.88810
Wed, 17 May 2023 01:46:59 train_maxwellnet.py[line:136] INFO [Train] 86 epoch. Loss: 37.61349
Wed, 17 May 2023 01:46:59 train_maxwellnet.py[line:136] INFO [Train] 87 epoch. Loss: 37.26582
Wed, 17 May 2023 01:46:59 train_maxwellnet.py[line:136] INFO [Train] 88 epoch. Loss: 36.86278
Wed, 17 May 2023 01:46:59 train_maxwellnet.py[line:136] INFO [Train] 89 epoch. Loss: 36.47705
Wed, 17 May 2023 01:46:59 train_maxwellnet.py[line:136] INFO [Train] 90 epoch. Loss: 36.09558
Wed, 17 May 2023 01:46:59 train_maxwellnet.py[line:136] INFO [Train] 91 epoch. Loss: 35.66771
Wed, 17 May 2023 01:46:59 train_maxwellnet.py[line:136] INFO [Train] 92 epoch. Loss: 35.21905
Wed, 17 May 2023 01:46:59 train_maxwellnet.py[line:136] INFO [Train] 93 epoch. Loss: 34.79087
Wed, 17 May 2023 01:46:59 train_maxwellnet.py[line:136] INFO [Train] 94 epoch. Loss: 34.33464
Wed, 17 May 2023 01:46:59 train_maxwellnet.py[line:136] INFO [Train] 95 epoch. Loss: 33.82836
Wed, 17 May 2023 01:46:59 train_maxwellnet.py[line:136] INFO [Train] 96 epoch. Loss: 33.31904
Wed, 17 May 2023 01:46:59 train_maxwellnet.py[line:136] INFO [Train] 97 epoch. Loss: 32.82296
Wed, 17 May 2023 01:46:59 train_maxwellnet.py[line:136] INFO [Train] 98 epoch. Loss: 32.31776
Wed, 17 May 2023 01:46:59 train_maxwellnet.py[line:136] INFO [Train] 99 epoch. Loss: 31.82278
