Mon, 15 May 2023 21:54:01 train_maxwellnet.py[line:32] INFO training examples/spheric_te
Mon, 15 May 2023 21:54:01 train_maxwellnet.py[line:51] INFO Experiment description: 
This experiment learns to solve the Maxwell's equations for a spheric lens data.
Mon, 15 May 2023 21:54:08 train_maxwellnet.py[line:69] INFO Number of network parameters: 5852648
Mon, 15 May 2023 21:54:08 train_maxwellnet.py[line:70] DEBUG {'depth': 6, 'filter': 16, 'norm': 'weight', 'up_mode': 'upconv'}
Mon, 15 May 2023 21:54:08 train_maxwellnet.py[line:71] DEBUG {'wavelength': 1, 'dpl': 20, 'Nx': 160, 'Nz': 192, 'pml_thickness': 30, 'symmetry_x': True, 'mode': 'te', 'high_order': 'fourth'}
Mon, 15 May 2023 21:54:08 train_maxwellnet.py[line:105] INFO Train Dataset length: 1
Mon, 15 May 2023 21:54:08 train_maxwellnet.py[line:135] INFO Training start
Mon, 15 May 2023 21:54:09 train_maxwellnet.py[line:143] INFO [Train] 1 epoch. Loss: 397.63721
Mon, 15 May 2023 21:54:10 train_maxwellnet.py[line:143] INFO [Train] 2 epoch. Loss: 397.56030
Mon, 15 May 2023 21:54:10 train_maxwellnet.py[line:143] INFO [Train] 3 epoch. Loss: 397.46158
Mon, 15 May 2023 21:54:11 train_maxwellnet.py[line:143] INFO [Train] 4 epoch. Loss: 397.32138
Mon, 15 May 2023 21:54:11 train_maxwellnet.py[line:143] INFO [Train] 5 epoch. Loss: 397.11212
Mon, 15 May 2023 21:54:12 train_maxwellnet.py[line:143] INFO [Train] 6 epoch. Loss: 396.78531
Mon, 15 May 2023 21:54:13 train_maxwellnet.py[line:143] INFO [Train] 7 epoch. Loss: 396.25745
Mon, 15 May 2023 21:54:13 train_maxwellnet.py[line:143] INFO [Train] 8 epoch. Loss: 395.39127
Mon, 15 May 2023 21:54:14 train_maxwellnet.py[line:143] INFO [Train] 9 epoch. Loss: 393.97241
Mon, 15 May 2023 21:54:15 train_maxwellnet.py[line:143] INFO [Train] 10 epoch. Loss: 391.68448
Mon, 15 May 2023 21:54:16 train_maxwellnet.py[line:143] INFO [Train] 11 epoch. Loss: 388.08890
Mon, 15 May 2023 21:54:17 train_maxwellnet.py[line:143] INFO [Train] 12 epoch. Loss: 382.61768
Mon, 15 May 2023 21:54:18 train_maxwellnet.py[line:143] INFO [Train] 13 epoch. Loss: 374.58521
Mon, 15 May 2023 21:54:19 train_maxwellnet.py[line:143] INFO [Train] 14 epoch. Loss: 363.22580
Mon, 15 May 2023 21:54:21 train_maxwellnet.py[line:143] INFO [Train] 15 epoch. Loss: 347.76083
Mon, 15 May 2023 21:54:22 train_maxwellnet.py[line:143] INFO [Train] 16 epoch. Loss: 327.49924
Mon, 15 May 2023 21:54:24 train_maxwellnet.py[line:143] INFO [Train] 17 epoch. Loss: 301.96921
Mon, 15 May 2023 21:54:25 train_maxwellnet.py[line:143] INFO [Train] 18 epoch. Loss: 271.07129
Mon, 15 May 2023 21:54:27 train_maxwellnet.py[line:143] INFO [Train] 19 epoch. Loss: 235.24419
