Wed, 17 May 2023 01:30:00 train_maxwellnet.py[line:32] INFO training examples/spheric_te
Wed, 17 May 2023 01:30:00 train_maxwellnet.py[line:50] INFO Experiment description: 
This experiment learns to solve the Maxwell's equations for a spheric lens data.
Wed, 17 May 2023 01:30:05 train_maxwellnet.py[line:58] DEBUG {'depth': 6, 'filter': 16, 'norm': 'weight', 'up_mode': 'upconv'}
Wed, 17 May 2023 01:30:05 train_maxwellnet.py[line:59] DEBUG {'wavelength': 1, 'dpl': 20, 'Nx': 160, 'Nz': 192, 'pml_thickness': 30, 'symmetry_x': True, 'mode': 'te', 'high_order': 'fourth'}
Wed, 17 May 2023 01:30:05 train_maxwellnet.py[line:93] INFO Train Dataset length: 1
Wed, 17 May 2023 01:30:05 train_maxwellnet.py[line:124] INFO Training start
Wed, 17 May 2023 01:30:10 train_maxwellnet.py[line:131] INFO [Train] 1 epoch. Loss: 397.63705
Wed, 17 May 2023 01:30:10 train_maxwellnet.py[line:131] INFO [Train] 2 epoch. Loss: 397.59851
Wed, 17 May 2023 01:30:10 train_maxwellnet.py[line:131] INFO [Train] 3 epoch. Loss: 397.55542
Wed, 17 May 2023 01:30:10 train_maxwellnet.py[line:131] INFO [Train] 4 epoch. Loss: 397.50470
Wed, 17 May 2023 01:30:10 train_maxwellnet.py[line:131] INFO [Train] 5 epoch. Loss: 397.44333
Wed, 17 May 2023 01:30:10 train_maxwellnet.py[line:131] INFO [Train] 6 epoch. Loss: 397.36743
Wed, 17 May 2023 01:30:10 train_maxwellnet.py[line:131] INFO [Train] 7 epoch. Loss: 397.27173
Wed, 17 May 2023 01:30:10 train_maxwellnet.py[line:131] INFO [Train] 8 epoch. Loss: 397.14865
Wed, 17 May 2023 01:30:10 train_maxwellnet.py[line:131] INFO [Train] 9 epoch. Loss: 396.98792
Wed, 17 May 2023 01:30:10 train_maxwellnet.py[line:131] INFO [Train] 10 epoch. Loss: 396.77502
Wed, 17 May 2023 01:30:10 train_maxwellnet.py[line:131] INFO [Train] 11 epoch. Loss: 396.49057
Wed, 17 May 2023 01:30:10 train_maxwellnet.py[line:131] INFO [Train] 12 epoch. Loss: 396.10852
Wed, 17 May 2023 01:30:10 train_maxwellnet.py[line:131] INFO [Train] 13 epoch. Loss: 395.59454
Wed, 17 May 2023 01:30:10 train_maxwellnet.py[line:131] INFO [Train] 14 epoch. Loss: 394.90509
Wed, 17 May 2023 01:30:10 train_maxwellnet.py[line:131] INFO [Train] 15 epoch. Loss: 393.98492
Wed, 17 May 2023 01:30:10 train_maxwellnet.py[line:131] INFO [Train] 16 epoch. Loss: 392.76700
Wed, 17 May 2023 01:30:10 train_maxwellnet.py[line:131] INFO [Train] 17 epoch. Loss: 391.17114
Wed, 17 May 2023 01:30:11 train_maxwellnet.py[line:131] INFO [Train] 18 epoch. Loss: 389.10373
Wed, 17 May 2023 01:30:11 train_maxwellnet.py[line:131] INFO [Train] 19 epoch. Loss: 386.46133
Wed, 17 May 2023 01:30:11 train_maxwellnet.py[line:131] INFO [Train] 20 epoch. Loss: 383.12567
Wed, 17 May 2023 01:30:11 train_maxwellnet.py[line:131] INFO [Train] 21 epoch. Loss: 378.97177
Wed, 17 May 2023 01:30:11 train_maxwellnet.py[line:131] INFO [Train] 22 epoch. Loss: 373.87827
Wed, 17 May 2023 01:30:11 train_maxwellnet.py[line:131] INFO [Train] 23 epoch. Loss: 367.70609
Wed, 17 May 2023 01:30:11 train_maxwellnet.py[line:131] INFO [Train] 24 epoch. Loss: 360.33255
Wed, 17 May 2023 01:30:11 train_maxwellnet.py[line:131] INFO [Train] 25 epoch. Loss: 351.64621
Wed, 17 May 2023 01:30:11 train_maxwellnet.py[line:131] INFO [Train] 26 epoch. Loss: 341.54257
Wed, 17 May 2023 01:30:11 train_maxwellnet.py[line:131] INFO [Train] 27 epoch. Loss: 329.94617
Wed, 17 May 2023 01:30:11 train_maxwellnet.py[line:131] INFO [Train] 28 epoch. Loss: 316.80090
Wed, 17 May 2023 01:30:11 train_maxwellnet.py[line:131] INFO [Train] 29 epoch. Loss: 302.11096
Wed, 17 May 2023 01:30:11 train_maxwellnet.py[line:131] INFO [Train] 30 epoch. Loss: 285.88217
Wed, 17 May 2023 01:30:11 train_maxwellnet.py[line:131] INFO [Train] 31 epoch. Loss: 268.20471
Wed, 17 May 2023 01:30:11 train_maxwellnet.py[line:131] INFO [Train] 32 epoch. Loss: 249.20145
Wed, 17 May 2023 01:30:11 train_maxwellnet.py[line:131] INFO [Train] 33 epoch. Loss: 229.04839
Wed, 17 May 2023 01:30:11 train_maxwellnet.py[line:131] INFO [Train] 34 epoch. Loss: 208.02251
Wed, 17 May 2023 01:30:11 train_maxwellnet.py[line:131] INFO [Train] 35 epoch. Loss: 186.35806
Wed, 17 May 2023 01:30:11 train_maxwellnet.py[line:131] INFO [Train] 36 epoch. Loss: 164.40315
Wed, 17 May 2023 01:30:11 train_maxwellnet.py[line:131] INFO [Train] 37 epoch. Loss: 142.56253
Wed, 17 May 2023 01:30:11 train_maxwellnet.py[line:131] INFO [Train] 38 epoch. Loss: 121.34087
Wed, 17 May 2023 01:30:11 train_maxwellnet.py[line:131] INFO [Train] 39 epoch. Loss: 101.27539
Wed, 17 May 2023 01:30:11 train_maxwellnet.py[line:131] INFO [Train] 40 epoch. Loss: 83.07025
Wed, 17 May 2023 01:30:11 train_maxwellnet.py[line:131] INFO [Train] 41 epoch. Loss: 67.47890
Wed, 17 May 2023 01:30:11 train_maxwellnet.py[line:131] INFO [Train] 42 epoch. Loss: 55.31833
Wed, 17 May 2023 01:30:11 train_maxwellnet.py[line:131] INFO [Train] 43 epoch. Loss: 47.47641
Wed, 17 May 2023 01:30:11 train_maxwellnet.py[line:131] INFO [Train] 44 epoch. Loss: 45.13337
Wed, 17 May 2023 01:30:11 train_maxwellnet.py[line:131] INFO [Train] 45 epoch. Loss: 48.00386
Wed, 17 May 2023 01:30:11 train_maxwellnet.py[line:131] INFO [Train] 46 epoch. Loss: 53.68914
Wed, 17 May 2023 01:30:11 train_maxwellnet.py[line:131] INFO [Train] 47 epoch. Loss: 60.11502
Wed, 17 May 2023 01:30:11 train_maxwellnet.py[line:131] INFO [Train] 48 epoch. Loss: 65.69270
Wed, 17 May 2023 01:30:11 train_maxwellnet.py[line:131] INFO [Train] 49 epoch. Loss: 69.44904
Wed, 17 May 2023 01:30:12 train_maxwellnet.py[line:131] INFO [Train] 50 epoch. Loss: 70.96384
Wed, 17 May 2023 01:30:12 train_maxwellnet.py[line:131] INFO [Train] 51 epoch. Loss: 70.23769
Wed, 17 May 2023 01:30:12 train_maxwellnet.py[line:131] INFO [Train] 52 epoch. Loss: 67.58465
Wed, 17 May 2023 01:30:12 train_maxwellnet.py[line:131] INFO [Train] 53 epoch. Loss: 63.53671
Wed, 17 May 2023 01:30:12 train_maxwellnet.py[line:131] INFO [Train] 54 epoch. Loss: 58.71902
Wed, 17 May 2023 01:30:12 train_maxwellnet.py[line:131] INFO [Train] 55 epoch. Loss: 53.76892
Wed, 17 May 2023 01:30:12 train_maxwellnet.py[line:131] INFO [Train] 56 epoch. Loss: 49.28449
Wed, 17 May 2023 01:30:12 train_maxwellnet.py[line:131] INFO [Train] 57 epoch. Loss: 45.75133
Wed, 17 May 2023 01:30:12 train_maxwellnet.py[line:131] INFO [Train] 58 epoch. Loss: 43.56897
Wed, 17 May 2023 01:30:12 train_maxwellnet.py[line:131] INFO [Train] 59 epoch. Loss: 42.99111
Wed, 17 May 2023 01:30:12 train_maxwellnet.py[line:131] INFO [Train] 60 epoch. Loss: 43.53615
Wed, 17 May 2023 01:30:12 train_maxwellnet.py[line:131] INFO [Train] 61 epoch. Loss: 44.30675
Wed, 17 May 2023 01:30:12 train_maxwellnet.py[line:131] INFO [Train] 62 epoch. Loss: 44.82073
Wed, 17 May 2023 01:30:12 train_maxwellnet.py[line:131] INFO [Train] 63 epoch. Loss: 44.85517
Wed, 17 May 2023 01:30:12 train_maxwellnet.py[line:131] INFO [Train] 64 epoch. Loss: 44.43448
Wed, 17 May 2023 01:30:12 train_maxwellnet.py[line:131] INFO [Train] 65 epoch. Loss: 43.67052
Wed, 17 May 2023 01:30:12 train_maxwellnet.py[line:131] INFO [Train] 66 epoch. Loss: 42.73877
Wed, 17 May 2023 01:30:12 train_maxwellnet.py[line:131] INFO [Train] 67 epoch. Loss: 41.93551
Wed, 17 May 2023 01:30:12 train_maxwellnet.py[line:131] INFO [Train] 68 epoch. Loss: 41.55566
Wed, 17 May 2023 01:30:12 train_maxwellnet.py[line:131] INFO [Train] 69 epoch. Loss: 41.60228
Wed, 17 May 2023 01:30:12 train_maxwellnet.py[line:131] INFO [Train] 70 epoch. Loss: 41.69496
Wed, 17 May 2023 01:30:12 train_maxwellnet.py[line:131] INFO [Train] 71 epoch. Loss: 41.58986
Wed, 17 May 2023 01:30:12 train_maxwellnet.py[line:131] INFO [Train] 72 epoch. Loss: 41.26165
Wed, 17 May 2023 01:30:12 train_maxwellnet.py[line:131] INFO [Train] 73 epoch. Loss: 40.80880
Wed, 17 May 2023 01:30:12 train_maxwellnet.py[line:131] INFO [Train] 74 epoch. Loss: 40.42765
Wed, 17 May 2023 01:30:12 train_maxwellnet.py[line:131] INFO [Train] 75 epoch. Loss: 40.28292
Wed, 17 May 2023 01:30:12 train_maxwellnet.py[line:131] INFO [Train] 76 epoch. Loss: 40.24629
Wed, 17 May 2023 01:30:12 train_maxwellnet.py[line:131] INFO [Train] 77 epoch. Loss: 40.08640
Wed, 17 May 2023 01:30:12 train_maxwellnet.py[line:131] INFO [Train] 78 epoch. Loss: 39.77180
Wed, 17 May 2023 01:30:12 train_maxwellnet.py[line:131] INFO [Train] 79 epoch. Loss: 39.40976
Wed, 17 May 2023 01:30:13 train_maxwellnet.py[line:131] INFO [Train] 80 epoch. Loss: 39.16275
Wed, 17 May 2023 01:30:13 train_maxwellnet.py[line:131] INFO [Train] 81 epoch. Loss: 39.03257
Wed, 17 May 2023 01:30:13 train_maxwellnet.py[line:131] INFO [Train] 82 epoch. Loss: 38.84541
Wed, 17 May 2023 01:30:13 train_maxwellnet.py[line:131] INFO [Train] 83 epoch. Loss: 38.54384
Wed, 17 May 2023 01:30:13 train_maxwellnet.py[line:131] INFO [Train] 84 epoch. Loss: 38.18534
Wed, 17 May 2023 01:30:13 train_maxwellnet.py[line:131] INFO [Train] 85 epoch. Loss: 37.88886
Wed, 17 May 2023 01:30:13 train_maxwellnet.py[line:131] INFO [Train] 86 epoch. Loss: 37.61409
Wed, 17 May 2023 01:30:13 train_maxwellnet.py[line:131] INFO [Train] 87 epoch. Loss: 37.26663
Wed, 17 May 2023 01:30:13 train_maxwellnet.py[line:131] INFO [Train] 88 epoch. Loss: 36.86673
Wed, 17 May 2023 01:30:13 train_maxwellnet.py[line:131] INFO [Train] 89 epoch. Loss: 36.47968
Wed, 17 May 2023 01:30:13 train_maxwellnet.py[line:131] INFO [Train] 90 epoch. Loss: 36.09483
Wed, 17 May 2023 01:30:13 train_maxwellnet.py[line:131] INFO [Train] 91 epoch. Loss: 35.67098
Wed, 17 May 2023 01:30:13 train_maxwellnet.py[line:131] INFO [Train] 92 epoch. Loss: 35.21586
Wed, 17 May 2023 01:30:13 train_maxwellnet.py[line:131] INFO [Train] 93 epoch. Loss: 34.78727
Wed, 17 May 2023 01:30:13 train_maxwellnet.py[line:131] INFO [Train] 94 epoch. Loss: 34.33396
Wed, 17 May 2023 01:30:13 train_maxwellnet.py[line:131] INFO [Train] 95 epoch. Loss: 33.82635
Wed, 17 May 2023 01:30:13 train_maxwellnet.py[line:131] INFO [Train] 96 epoch. Loss: 33.31791
Wed, 17 May 2023 01:30:13 train_maxwellnet.py[line:131] INFO [Train] 97 epoch. Loss: 32.82165
Wed, 17 May 2023 01:30:13 train_maxwellnet.py[line:131] INFO [Train] 98 epoch. Loss: 32.31656
Wed, 17 May 2023 01:30:13 train_maxwellnet.py[line:131] INFO [Train] 99 epoch. Loss: 31.82084
