Mon, 15 May 2023 22:48:42 train_maxwellnet.py[line:32] INFO training examples/spheric_te
Mon, 15 May 2023 22:48:42 train_maxwellnet.py[line:51] INFO Experiment description: 
This experiment learns to solve the Maxwell's equations for a spheric lens data.
Mon, 15 May 2023 22:48:49 train_maxwellnet.py[line:69] INFO Number of network parameters: 5852648
Mon, 15 May 2023 22:48:49 train_maxwellnet.py[line:70] DEBUG {'depth': 6, 'filter': 16, 'norm': 'weight', 'up_mode': 'upconv'}
Mon, 15 May 2023 22:48:49 train_maxwellnet.py[line:71] DEBUG {'wavelength': 1, 'dpl': 20, 'Nx': 160, 'Nz': 192, 'pml_thickness': 30, 'symmetry_x': True, 'mode': 'te', 'high_order': 'fourth'}
Mon, 15 May 2023 22:48:49 train_maxwellnet.py[line:105] INFO Train Dataset length: 1
Mon, 15 May 2023 22:48:49 train_maxwellnet.py[line:135] INFO Training start
Mon, 15 May 2023 22:48:50 train_maxwellnet.py[line:143] INFO [Train] 1 epoch. Loss: 397.63721
Mon, 15 May 2023 22:48:51 train_maxwellnet.py[line:143] INFO [Train] 2 epoch. Loss: 397.56030
Mon, 15 May 2023 22:48:51 train_maxwellnet.py[line:143] INFO [Train] 3 epoch. Loss: 397.46158
Mon, 15 May 2023 22:48:51 train_maxwellnet.py[line:143] INFO [Train] 4 epoch. Loss: 397.32138
Mon, 15 May 2023 22:48:52 train_maxwellnet.py[line:143] INFO [Train] 5 epoch. Loss: 397.11212
Mon, 15 May 2023 22:48:53 train_maxwellnet.py[line:143] INFO [Train] 6 epoch. Loss: 396.78531
Mon, 15 May 2023 22:48:53 train_maxwellnet.py[line:143] INFO [Train] 7 epoch. Loss: 396.25745
Mon, 15 May 2023 22:48:54 train_maxwellnet.py[line:143] INFO [Train] 8 epoch. Loss: 395.39127
Mon, 15 May 2023 22:48:55 train_maxwellnet.py[line:143] INFO [Train] 9 epoch. Loss: 393.97241
Mon, 15 May 2023 22:48:56 train_maxwellnet.py[line:143] INFO [Train] 10 epoch. Loss: 391.68448
Mon, 15 May 2023 22:48:57 train_maxwellnet.py[line:143] INFO [Train] 11 epoch. Loss: 388.08890
Mon, 15 May 2023 22:48:58 train_maxwellnet.py[line:143] INFO [Train] 12 epoch. Loss: 382.61765
Mon, 15 May 2023 22:48:59 train_maxwellnet.py[line:143] INFO [Train] 13 epoch. Loss: 374.58521
Mon, 15 May 2023 22:49:00 train_maxwellnet.py[line:143] INFO [Train] 14 epoch. Loss: 363.22580
Mon, 15 May 2023 22:49:01 train_maxwellnet.py[line:143] INFO [Train] 15 epoch. Loss: 347.76083
Mon, 15 May 2023 22:49:02 train_maxwellnet.py[line:143] INFO [Train] 16 epoch. Loss: 327.49921
Mon, 15 May 2023 22:49:04 train_maxwellnet.py[line:143] INFO [Train] 17 epoch. Loss: 301.96921
Mon, 15 May 2023 22:49:05 train_maxwellnet.py[line:143] INFO [Train] 18 epoch. Loss: 271.07129
Mon, 15 May 2023 22:49:06 train_maxwellnet.py[line:143] INFO [Train] 19 epoch. Loss: 235.24416
Mon, 15 May 2023 22:49:08 train_maxwellnet.py[line:143] INFO [Train] 20 epoch. Loss: 195.63338
Mon, 15 May 2023 22:49:09 train_maxwellnet.py[line:143] INFO [Train] 21 epoch. Loss: 154.22774
Mon, 15 May 2023 22:49:11 train_maxwellnet.py[line:143] INFO [Train] 22 epoch. Loss: 113.83842
Mon, 15 May 2023 22:49:13 train_maxwellnet.py[line:143] INFO [Train] 23 epoch. Loss: 78.32100
Mon, 15 May 2023 22:49:15 train_maxwellnet.py[line:143] INFO [Train] 24 epoch. Loss: 53.01337
Mon, 15 May 2023 22:49:16 train_maxwellnet.py[line:143] INFO [Train] 25 epoch. Loss: 45.06564
Mon, 15 May 2023 22:49:18 train_maxwellnet.py[line:143] INFO [Train] 26 epoch. Loss: 56.62544
Mon, 15 May 2023 22:49:20 train_maxwellnet.py[line:143] INFO [Train] 27 epoch. Loss: 79.54105
Mon, 15 May 2023 22:49:22 train_maxwellnet.py[line:143] INFO [Train] 28 epoch. Loss: 105.00909
Mon, 15 May 2023 22:49:24 train_maxwellnet.py[line:143] INFO [Train] 29 epoch. Loss: 125.98089
Mon, 15 May 2023 22:49:26 train_maxwellnet.py[line:143] INFO [Train] 30 epoch. Loss: 138.17619
Mon, 15 May 2023 22:49:29 train_maxwellnet.py[line:143] INFO [Train] 31 epoch. Loss: 140.16954
Mon, 15 May 2023 22:49:31 train_maxwellnet.py[line:143] INFO [Train] 32 epoch. Loss: 132.85939
Mon, 15 May 2023 22:49:33 train_maxwellnet.py[line:143] INFO [Train] 33 epoch. Loss: 118.65398
Mon, 15 May 2023 22:49:36 train_maxwellnet.py[line:143] INFO [Train] 34 epoch. Loss: 100.64266
Mon, 15 May 2023 22:49:39 train_maxwellnet.py[line:143] INFO [Train] 35 epoch. Loss: 81.91850
Mon, 15 May 2023 22:49:42 train_maxwellnet.py[line:143] INFO [Train] 36 epoch. Loss: 65.12285
Mon, 15 May 2023 22:49:45 train_maxwellnet.py[line:143] INFO [Train] 37 epoch. Loss: 52.21159
Mon, 15 May 2023 22:49:48 train_maxwellnet.py[line:143] INFO [Train] 38 epoch. Loss: 44.40457
Mon, 15 May 2023 22:49:51 train_maxwellnet.py[line:143] INFO [Train] 39 epoch. Loss: 42.25723
Mon, 15 May 2023 22:49:55 train_maxwellnet.py[line:143] INFO [Train] 40 epoch. Loss: 44.05436
Mon, 15 May 2023 22:49:58 train_maxwellnet.py[line:143] INFO [Train] 41 epoch. Loss: 46.55642
Mon, 15 May 2023 22:50:02 train_maxwellnet.py[line:143] INFO [Train] 42 epoch. Loss: 48.19761
Mon, 15 May 2023 22:50:06 train_maxwellnet.py[line:143] INFO [Train] 43 epoch. Loss: 48.47026
Mon, 15 May 2023 22:50:10 train_maxwellnet.py[line:143] INFO [Train] 44 epoch. Loss: 47.43085
Mon, 15 May 2023 22:50:13 train_maxwellnet.py[line:143] INFO [Train] 45 epoch. Loss: 45.47319
Mon, 15 May 2023 22:50:17 train_maxwellnet.py[line:143] INFO [Train] 46 epoch. Loss: 43.23402
Mon, 15 May 2023 22:50:21 train_maxwellnet.py[line:143] INFO [Train] 47 epoch. Loss: 41.55111
Mon, 15 May 2023 22:50:26 train_maxwellnet.py[line:143] INFO [Train] 48 epoch. Loss: 41.40894
Mon, 15 May 2023 22:50:30 train_maxwellnet.py[line:143] INFO [Train] 49 epoch. Loss: 42.56057
Mon, 15 May 2023 22:50:34 train_maxwellnet.py[line:143] INFO [Train] 50 epoch. Loss: 43.57883
Mon, 15 May 2023 22:50:39 train_maxwellnet.py[line:143] INFO [Train] 51 epoch. Loss: 43.68642
Mon, 15 May 2023 22:50:43 train_maxwellnet.py[line:143] INFO [Train] 52 epoch. Loss: 42.83182
Mon, 15 May 2023 22:50:48 train_maxwellnet.py[line:143] INFO [Train] 53 epoch. Loss: 41.52387
Mon, 15 May 2023 22:50:53 train_maxwellnet.py[line:143] INFO [Train] 54 epoch. Loss: 40.56849
Mon, 15 May 2023 22:50:57 train_maxwellnet.py[line:143] INFO [Train] 55 epoch. Loss: 40.69877
Mon, 15 May 2023 22:51:02 train_maxwellnet.py[line:143] INFO [Train] 56 epoch. Loss: 41.27856
