Sun, 14 May 2023 22:08:34 train_maxwellnet.py[line:31] INFO training examples/spheric_te
Sun, 14 May 2023 22:08:34 train_maxwellnet.py[line:50] INFO Experiment description: 
This experiment learns to solve the Maxwell's equations for a spheric lens data.
Sun, 14 May 2023 22:08:50 train_maxwellnet.py[line:68] INFO Number of network parameters: 5852648
Sun, 14 May 2023 22:08:50 train_maxwellnet.py[line:69] DEBUG {'depth': 6, 'filter': 16, 'norm': 'weight', 'up_mode': 'upconv'}
Sun, 14 May 2023 22:08:50 train_maxwellnet.py[line:70] DEBUG {'wavelength': 1, 'dpl': 20, 'Nx': 160, 'Nz': 192, 'pml_thickness': 30, 'symmetry_x': True, 'mode': 'te', 'high_order': 'fourth'}
Sun, 14 May 2023 22:08:50 train_maxwellnet.py[line:102] INFO Train Dataset length: 1
Sun, 14 May 2023 22:08:50 train_maxwellnet.py[line:132] INFO Training start
Sun, 14 May 2023 22:09:09 train_maxwellnet.py[line:140] INFO [Train] 1 epoch. Loss: 397.63394
Sun, 14 May 2023 22:09:21 train_maxwellnet.py[line:140] INFO [Train] 2 epoch. Loss: 397.55280
Sun, 14 May 2023 22:09:29 train_maxwellnet.py[line:140] INFO [Train] 3 epoch. Loss: 397.42404
Sun, 14 May 2023 22:09:37 train_maxwellnet.py[line:140] INFO [Train] 4 epoch. Loss: 397.20932
Sun, 14 May 2023 22:09:46 train_maxwellnet.py[line:140] INFO [Train] 5 epoch. Loss: 396.84195
Sun, 14 May 2023 22:09:53 train_maxwellnet.py[line:140] INFO [Train] 6 epoch. Loss: 396.21658
Sun, 14 May 2023 22:10:01 train_maxwellnet.py[line:140] INFO [Train] 7 epoch. Loss: 395.16974
Sun, 14 May 2023 22:10:08 train_maxwellnet.py[line:140] INFO [Train] 8 epoch. Loss: 393.44296
Sun, 14 May 2023 22:10:15 train_maxwellnet.py[line:140] INFO [Train] 9 epoch. Loss: 390.59644
Sun, 14 May 2023 22:10:25 train_maxwellnet.py[line:140] INFO [Train] 10 epoch. Loss: 385.83026
Sun, 14 May 2023 22:10:32 train_maxwellnet.py[line:140] INFO [Train] 11 epoch. Loss: 377.46463
Sun, 14 May 2023 22:10:42 train_maxwellnet.py[line:140] INFO [Train] 12 epoch. Loss: 361.21692
Sun, 14 May 2023 22:10:49 train_maxwellnet.py[line:140] INFO [Train] 13 epoch. Loss: 324.55057
Sun, 14 May 2023 22:10:55 train_maxwellnet.py[line:140] INFO [Train] 14 epoch. Loss: 233.29355
Sun, 14 May 2023 22:11:02 train_maxwellnet.py[line:140] INFO [Train] 15 epoch. Loss: 389.30707
Sun, 14 May 2023 22:11:13 train_maxwellnet.py[line:140] INFO [Train] 16 epoch. Loss: 172.34407
Sun, 14 May 2023 22:11:20 train_maxwellnet.py[line:140] INFO [Train] 17 epoch. Loss: 230.53401
Sun, 14 May 2023 22:11:27 train_maxwellnet.py[line:140] INFO [Train] 18 epoch. Loss: 249.91368
Sun, 14 May 2023 22:11:34 train_maxwellnet.py[line:140] INFO [Train] 19 epoch. Loss: 257.03113
Sun, 14 May 2023 22:11:41 train_maxwellnet.py[line:140] INFO [Train] 20 epoch. Loss: 257.85776
Sun, 14 May 2023 22:11:53 train_maxwellnet.py[line:140] INFO [Train] 21 epoch. Loss: 254.62509
Sun, 14 May 2023 22:12:00 train_maxwellnet.py[line:140] INFO [Train] 22 epoch. Loss: 248.45143
Sun, 14 May 2023 22:12:07 train_maxwellnet.py[line:140] INFO [Train] 23 epoch. Loss: 240.16119
Sun, 14 May 2023 22:12:14 train_maxwellnet.py[line:140] INFO [Train] 24 epoch. Loss: 230.40349
Sun, 14 May 2023 22:12:21 train_maxwellnet.py[line:140] INFO [Train] 25 epoch. Loss: 219.48819
Sun, 14 May 2023 22:12:35 train_maxwellnet.py[line:140] INFO [Train] 26 epoch. Loss: 207.70035
Sun, 14 May 2023 22:12:42 train_maxwellnet.py[line:140] INFO [Train] 27 epoch. Loss: 195.03589
Sun, 14 May 2023 22:12:49 train_maxwellnet.py[line:140] INFO [Train] 28 epoch. Loss: 180.45644
Sun, 14 May 2023 22:12:56 train_maxwellnet.py[line:140] INFO [Train] 29 epoch. Loss: 181.21718
Sun, 14 May 2023 22:13:02 train_maxwellnet.py[line:140] INFO [Train] 30 epoch. Loss: 159.87173
Sun, 14 May 2023 22:13:09 train_maxwellnet.py[line:140] INFO [Train] 31 epoch. Loss: 147.52940
Sun, 14 May 2023 22:13:16 train_maxwellnet.py[line:140] INFO [Train] 32 epoch. Loss: 133.55809
Sun, 14 May 2023 22:13:23 train_maxwellnet.py[line:140] INFO [Train] 33 epoch. Loss: 118.96271
Sun, 14 May 2023 22:13:38 train_maxwellnet.py[line:140] INFO [Train] 34 epoch. Loss: 113.83852
Sun, 14 May 2023 22:13:45 train_maxwellnet.py[line:140] INFO [Train] 35 epoch. Loss: 125.19643
Sun, 14 May 2023 22:13:52 train_maxwellnet.py[line:140] INFO [Train] 36 epoch. Loss: 124.31221
Sun, 14 May 2023 22:13:59 train_maxwellnet.py[line:140] INFO [Train] 37 epoch. Loss: 112.54833
Sun, 14 May 2023 22:14:06 train_maxwellnet.py[line:140] INFO [Train] 38 epoch. Loss: 119.62729
Sun, 14 May 2023 22:14:13 train_maxwellnet.py[line:140] INFO [Train] 39 epoch. Loss: 118.04777
Sun, 14 May 2023 22:14:20 train_maxwellnet.py[line:140] INFO [Train] 40 epoch. Loss: 121.74151
Sun, 14 May 2023 22:14:27 train_maxwellnet.py[line:140] INFO [Train] 41 epoch. Loss: 120.37435
Sun, 14 May 2023 22:14:45 train_maxwellnet.py[line:140] INFO [Train] 42 epoch. Loss: 112.86908
Sun, 14 May 2023 22:14:52 train_maxwellnet.py[line:140] INFO [Train] 43 epoch. Loss: 102.64619
Sun, 14 May 2023 22:14:58 train_maxwellnet.py[line:140] INFO [Train] 44 epoch. Loss: 92.74977
Sun, 14 May 2023 22:15:05 train_maxwellnet.py[line:140] INFO [Train] 45 epoch. Loss: 84.83203
Sun, 14 May 2023 22:15:12 train_maxwellnet.py[line:140] INFO [Train] 46 epoch. Loss: 79.78369
Sun, 14 May 2023 22:15:19 train_maxwellnet.py[line:140] INFO [Train] 47 epoch. Loss: 76.84948
Sun, 14 May 2023 22:15:26 train_maxwellnet.py[line:140] INFO [Train] 48 epoch. Loss: 75.21293
Sun, 14 May 2023 22:15:33 train_maxwellnet.py[line:140] INFO [Train] 49 epoch. Loss: 73.89963
Sun, 14 May 2023 22:15:40 train_maxwellnet.py[line:140] INFO [Train] 50 epoch. Loss: 72.13996
Sun, 14 May 2023 22:15:47 train_maxwellnet.py[line:140] INFO [Train] 51 epoch. Loss: 69.73016
Sun, 14 May 2023 22:15:54 train_maxwellnet.py[line:140] INFO [Train] 52 epoch. Loss: 66.43178
Sun, 14 May 2023 22:16:00 train_maxwellnet.py[line:140] INFO [Train] 53 epoch. Loss: 62.35733
Sun, 14 May 2023 22:16:21 train_maxwellnet.py[line:140] INFO [Train] 54 epoch. Loss: 57.82260
Sun, 14 May 2023 22:16:27 train_maxwellnet.py[line:140] INFO [Train] 55 epoch. Loss: 53.35586
Sun, 14 May 2023 22:16:34 train_maxwellnet.py[line:140] INFO [Train] 56 epoch. Loss: 49.40892
Sun, 14 May 2023 22:16:41 train_maxwellnet.py[line:140] INFO [Train] 57 epoch. Loss: 46.57969
Sun, 14 May 2023 22:16:48 train_maxwellnet.py[line:140] INFO [Train] 58 epoch. Loss: 45.03743
Sun, 14 May 2023 22:16:55 train_maxwellnet.py[line:140] INFO [Train] 59 epoch. Loss: 44.18500
Sun, 14 May 2023 22:17:02 train_maxwellnet.py[line:140] INFO [Train] 60 epoch. Loss: 43.24276
Sun, 14 May 2023 22:17:09 train_maxwellnet.py[line:140] INFO [Train] 61 epoch. Loss: 41.33363
Sun, 14 May 2023 22:17:16 train_maxwellnet.py[line:140] INFO [Train] 62 epoch. Loss: 38.43239
Sun, 14 May 2023 22:17:23 train_maxwellnet.py[line:140] INFO [Train] 63 epoch. Loss: 35.22897
Sun, 14 May 2023 22:17:30 train_maxwellnet.py[line:140] INFO [Train] 64 epoch. Loss: 32.59435
Sun, 14 May 2023 22:17:37 train_maxwellnet.py[line:140] INFO [Train] 65 epoch. Loss: 30.84250
Sun, 14 May 2023 22:17:43 train_maxwellnet.py[line:140] INFO [Train] 66 epoch. Loss: 29.73811
Sun, 14 May 2023 22:18:08 train_maxwellnet.py[line:140] INFO [Train] 67 epoch. Loss: 28.80871
Sun, 14 May 2023 22:18:14 train_maxwellnet.py[line:140] INFO [Train] 68 epoch. Loss: 27.72865
Sun, 14 May 2023 22:18:22 train_maxwellnet.py[line:140] INFO [Train] 69 epoch. Loss: 26.23468
Sun, 14 May 2023 22:18:28 train_maxwellnet.py[line:140] INFO [Train] 70 epoch. Loss: 24.49579
Sun, 14 May 2023 22:18:35 train_maxwellnet.py[line:140] INFO [Train] 71 epoch. Loss: 22.71449
Sun, 14 May 2023 22:18:42 train_maxwellnet.py[line:140] INFO [Train] 72 epoch. Loss: 21.27470
Sun, 14 May 2023 22:18:49 train_maxwellnet.py[line:140] INFO [Train] 73 epoch. Loss: 20.40884
Sun, 14 May 2023 22:18:56 train_maxwellnet.py[line:140] INFO [Train] 74 epoch. Loss: 19.92196
Sun, 14 May 2023 22:19:04 train_maxwellnet.py[line:140] INFO [Train] 75 epoch. Loss: 19.52751
Sun, 14 May 2023 22:19:10 train_maxwellnet.py[line:140] INFO [Train] 76 epoch. Loss: 18.95230
Sun, 14 May 2023 22:19:17 train_maxwellnet.py[line:140] INFO [Train] 77 epoch. Loss: 18.17275
Sun, 14 May 2023 22:19:24 train_maxwellnet.py[line:140] INFO [Train] 78 epoch. Loss: 17.46261
Sun, 14 May 2023 22:19:31 train_maxwellnet.py[line:140] INFO [Train] 79 epoch. Loss: 16.97742
Sun, 14 May 2023 22:19:38 train_maxwellnet.py[line:140] INFO [Train] 80 epoch. Loss: 16.81096
Sun, 14 May 2023 22:19:45 train_maxwellnet.py[line:140] INFO [Train] 81 epoch. Loss: 16.69201
Sun, 14 May 2023 22:19:52 train_maxwellnet.py[line:140] INFO [Train] 82 epoch. Loss: 16.50207
Sun, 14 May 2023 22:19:59 train_maxwellnet.py[line:140] INFO [Train] 83 epoch. Loss: 16.16330
Sun, 14 May 2023 22:20:06 train_maxwellnet.py[line:140] INFO [Train] 84 epoch. Loss: 15.75240
Sun, 14 May 2023 22:20:33 train_maxwellnet.py[line:140] INFO [Train] 85 epoch. Loss: 15.37692
Sun, 14 May 2023 22:20:40 train_maxwellnet.py[line:140] INFO [Train] 86 epoch. Loss: 15.18411
Sun, 14 May 2023 22:20:47 train_maxwellnet.py[line:140] INFO [Train] 87 epoch. Loss: 15.09818
Sun, 14 May 2023 22:20:54 train_maxwellnet.py[line:140] INFO [Train] 88 epoch. Loss: 15.04845
Sun, 14 May 2023 22:21:01 train_maxwellnet.py[line:140] INFO [Train] 89 epoch. Loss: 14.96138
Sun, 14 May 2023 22:21:08 train_maxwellnet.py[line:140] INFO [Train] 90 epoch. Loss: 14.77119
Sun, 14 May 2023 22:21:15 train_maxwellnet.py[line:140] INFO [Train] 91 epoch. Loss: 14.54000
Sun, 14 May 2023 22:21:21 train_maxwellnet.py[line:140] INFO [Train] 92 epoch. Loss: 14.32463
Sun, 14 May 2023 22:21:28 train_maxwellnet.py[line:140] INFO [Train] 93 epoch. Loss: 14.15909
Sun, 14 May 2023 22:21:35 train_maxwellnet.py[line:140] INFO [Train] 94 epoch. Loss: 14.05595
Sun, 14 May 2023 22:21:42 train_maxwellnet.py[line:140] INFO [Train] 95 epoch. Loss: 13.95566
Sun, 14 May 2023 22:21:49 train_maxwellnet.py[line:140] INFO [Train] 96 epoch. Loss: 13.78203
Sun, 14 May 2023 22:21:56 train_maxwellnet.py[line:140] INFO [Train] 97 epoch. Loss: 13.62744
Sun, 14 May 2023 22:22:03 train_maxwellnet.py[line:140] INFO [Train] 98 epoch. Loss: 13.46916
Sun, 14 May 2023 22:22:10 train_maxwellnet.py[line:140] INFO [Train] 99 epoch. Loss: 13.33173
Sun, 14 May 2023 22:22:17 train_maxwellnet.py[line:140] INFO [Train] 100 epoch. Loss: 13.20964
Sun, 14 May 2023 22:22:24 train_maxwellnet.py[line:140] INFO [Train] 101 epoch. Loss: 13.07590
Sun, 14 May 2023 22:22:31 train_maxwellnet.py[line:140] INFO [Train] 102 epoch. Loss: 12.94611
Sun, 14 May 2023 22:22:37 train_maxwellnet.py[line:140] INFO [Train] 103 epoch. Loss: 12.80133
Sun, 14 May 2023 22:22:45 train_maxwellnet.py[line:140] INFO [Train] 104 epoch. Loss: 12.68138
Sun, 14 May 2023 22:22:51 train_maxwellnet.py[line:140] INFO [Train] 105 epoch. Loss: 12.60192
Sun, 14 May 2023 22:23:26 train_maxwellnet.py[line:140] INFO [Train] 106 epoch. Loss: 12.49666
Sun, 14 May 2023 22:23:33 train_maxwellnet.py[line:140] INFO [Train] 107 epoch. Loss: 12.37356
Sun, 14 May 2023 22:23:40 train_maxwellnet.py[line:140] INFO [Train] 108 epoch. Loss: 12.24505
Sun, 14 May 2023 22:23:47 train_maxwellnet.py[line:140] INFO [Train] 109 epoch. Loss: 12.14807
Sun, 14 May 2023 22:23:55 train_maxwellnet.py[line:140] INFO [Train] 110 epoch. Loss: 12.08532
Sun, 14 May 2023 22:24:02 train_maxwellnet.py[line:140] INFO [Train] 111 epoch. Loss: 12.01128
Sun, 14 May 2023 22:24:09 train_maxwellnet.py[line:140] INFO [Train] 112 epoch. Loss: 11.90603
Sun, 14 May 2023 22:24:16 train_maxwellnet.py[line:140] INFO [Train] 113 epoch. Loss: 11.81009
Sun, 14 May 2023 22:24:23 train_maxwellnet.py[line:140] INFO [Train] 114 epoch. Loss: 11.73794
Sun, 14 May 2023 22:24:30 train_maxwellnet.py[line:140] INFO [Train] 115 epoch. Loss: 11.69664
Sun, 14 May 2023 22:24:36 train_maxwellnet.py[line:140] INFO [Train] 116 epoch. Loss: 11.61359
Sun, 14 May 2023 22:24:43 train_maxwellnet.py[line:140] INFO [Train] 117 epoch. Loss: 11.53813
Sun, 14 May 2023 22:24:50 train_maxwellnet.py[line:140] INFO [Train] 118 epoch. Loss: 11.48808
Sun, 14 May 2023 22:24:58 train_maxwellnet.py[line:140] INFO [Train] 119 epoch. Loss: 11.40561
Sun, 14 May 2023 22:25:05 train_maxwellnet.py[line:140] INFO [Train] 120 epoch. Loss: 11.35129
Sun, 14 May 2023 22:25:12 train_maxwellnet.py[line:140] INFO [Train] 121 epoch. Loss: 11.28917
Sun, 14 May 2023 22:25:19 train_maxwellnet.py[line:140] INFO [Train] 122 epoch. Loss: 11.20760
Sun, 14 May 2023 22:25:26 train_maxwellnet.py[line:140] INFO [Train] 123 epoch. Loss: 11.13868
Sun, 14 May 2023 22:25:33 train_maxwellnet.py[line:140] INFO [Train] 124 epoch. Loss: 11.09704
Sun, 14 May 2023 22:25:41 train_maxwellnet.py[line:140] INFO [Train] 125 epoch. Loss: 11.03994
Sun, 14 May 2023 22:25:48 train_maxwellnet.py[line:140] INFO [Train] 126 epoch. Loss: 10.96072
Sun, 14 May 2023 22:25:55 train_maxwellnet.py[line:140] INFO [Train] 127 epoch. Loss: 10.89078
Sun, 14 May 2023 22:26:03 train_maxwellnet.py[line:140] INFO [Train] 128 epoch. Loss: 10.84036
Sun, 14 May 2023 22:26:10 train_maxwellnet.py[line:140] INFO [Train] 129 epoch. Loss: 10.76698
Sun, 14 May 2023 22:26:17 train_maxwellnet.py[line:140] INFO [Train] 130 epoch. Loss: 10.69159
Sun, 14 May 2023 22:26:24 train_maxwellnet.py[line:140] INFO [Train] 131 epoch. Loss: 10.61485
Sun, 14 May 2023 22:26:32 train_maxwellnet.py[line:140] INFO [Train] 132 epoch. Loss: 10.55353
Sun, 14 May 2023 22:27:15 train_maxwellnet.py[line:140] INFO [Train] 133 epoch. Loss: 10.47893
Sun, 14 May 2023 22:27:22 train_maxwellnet.py[line:140] INFO [Train] 134 epoch. Loss: 10.41055
Sun, 14 May 2023 22:27:29 train_maxwellnet.py[line:140] INFO [Train] 135 epoch. Loss: 10.36587
Sun, 14 May 2023 22:27:36 train_maxwellnet.py[line:140] INFO [Train] 136 epoch. Loss: 10.29293
Sun, 14 May 2023 22:27:43 train_maxwellnet.py[line:140] INFO [Train] 137 epoch. Loss: 10.38227
Sun, 14 May 2023 22:27:50 train_maxwellnet.py[line:140] INFO [Train] 138 epoch. Loss: 10.67897
Sun, 14 May 2023 22:27:57 train_maxwellnet.py[line:140] INFO [Train] 139 epoch. Loss: 11.67116
Sun, 14 May 2023 22:28:04 train_maxwellnet.py[line:140] INFO [Train] 140 epoch. Loss: 10.13191
Sun, 14 May 2023 22:28:11 train_maxwellnet.py[line:140] INFO [Train] 141 epoch. Loss: 12.91140
Sun, 14 May 2023 22:28:18 train_maxwellnet.py[line:140] INFO [Train] 142 epoch. Loss: 14.62428
Sun, 14 May 2023 22:28:25 train_maxwellnet.py[line:140] INFO [Train] 143 epoch. Loss: 15.61056
Sun, 14 May 2023 22:28:32 train_maxwellnet.py[line:140] INFO [Train] 144 epoch. Loss: 10.56872
Sun, 14 May 2023 22:28:40 train_maxwellnet.py[line:140] INFO [Train] 145 epoch. Loss: 18.51074
Sun, 14 May 2023 22:28:47 train_maxwellnet.py[line:140] INFO [Train] 146 epoch. Loss: 10.93757
Sun, 14 May 2023 22:28:54 train_maxwellnet.py[line:140] INFO [Train] 147 epoch. Loss: 14.41964
Sun, 14 May 2023 22:29:01 train_maxwellnet.py[line:140] INFO [Train] 148 epoch. Loss: 13.95403
Sun, 14 May 2023 22:29:08 train_maxwellnet.py[line:140] INFO [Train] 149 epoch. Loss: 10.96196
Sun, 14 May 2023 22:29:15 train_maxwellnet.py[line:140] INFO [Train] 150 epoch. Loss: 11.25943
Sun, 14 May 2023 22:29:22 train_maxwellnet.py[line:140] INFO [Train] 151 epoch. Loss: 12.72429
Sun, 14 May 2023 22:29:29 train_maxwellnet.py[line:140] INFO [Train] 152 epoch. Loss: 10.36467
Sun, 14 May 2023 22:29:36 train_maxwellnet.py[line:140] INFO [Train] 153 epoch. Loss: 10.82465
Sun, 14 May 2023 22:29:43 train_maxwellnet.py[line:140] INFO [Train] 154 epoch. Loss: 11.73110
Sun, 14 May 2023 22:29:50 train_maxwellnet.py[line:140] INFO [Train] 155 epoch. Loss: 11.50113
Sun, 14 May 2023 22:29:57 train_maxwellnet.py[line:140] INFO [Train] 156 epoch. Loss: 10.64384
Sun, 14 May 2023 22:30:04 train_maxwellnet.py[line:140] INFO [Train] 157 epoch. Loss: 10.38274
Sun, 14 May 2023 22:30:11 train_maxwellnet.py[line:140] INFO [Train] 158 epoch. Loss: 11.09976
Sun, 14 May 2023 22:30:19 train_maxwellnet.py[line:140] INFO [Train] 159 epoch. Loss: 11.01147
Sun, 14 May 2023 22:30:26 train_maxwellnet.py[line:140] INFO [Train] 160 epoch. Loss: 10.39661
Sun, 14 May 2023 22:30:33 train_maxwellnet.py[line:140] INFO [Train] 161 epoch. Loss: 10.40321
Sun, 14 May 2023 22:30:40 train_maxwellnet.py[line:140] INFO [Train] 162 epoch. Loss: 10.68057
Sun, 14 May 2023 22:30:47 train_maxwellnet.py[line:140] INFO [Train] 163 epoch. Loss: 10.71668
Sun, 14 May 2023 22:30:54 train_maxwellnet.py[line:140] INFO [Train] 164 epoch. Loss: 10.45723
Sun, 14 May 2023 22:31:01 train_maxwellnet.py[line:140] INFO [Train] 165 epoch. Loss: 10.16750
Sun, 14 May 2023 22:31:08 train_maxwellnet.py[line:140] INFO [Train] 166 epoch. Loss: 10.25203
Sun, 14 May 2023 22:32:07 train_maxwellnet.py[line:140] INFO [Train] 167 epoch. Loss: 10.37839
Sun, 14 May 2023 22:32:14 train_maxwellnet.py[line:140] INFO [Train] 168 epoch. Loss: 10.08763
Sun, 14 May 2023 22:32:21 train_maxwellnet.py[line:140] INFO [Train] 169 epoch. Loss: 9.84948
Sun, 14 May 2023 22:32:29 train_maxwellnet.py[line:140] INFO [Train] 170 epoch. Loss: 9.90542
Sun, 14 May 2023 22:32:36 train_maxwellnet.py[line:140] INFO [Train] 171 epoch. Loss: 9.91290
Sun, 14 May 2023 22:32:43 train_maxwellnet.py[line:140] INFO [Train] 172 epoch. Loss: 9.71651
Sun, 14 May 2023 22:32:50 train_maxwellnet.py[line:140] INFO [Train] 173 epoch. Loss: 9.62265
Sun, 14 May 2023 22:32:57 train_maxwellnet.py[line:140] INFO [Train] 174 epoch. Loss: 9.69069
Sun, 14 May 2023 22:33:05 train_maxwellnet.py[line:140] INFO [Train] 175 epoch. Loss: 9.44866
Sun, 14 May 2023 22:33:12 train_maxwellnet.py[line:140] INFO [Train] 176 epoch. Loss: 9.35591
Sun, 14 May 2023 22:33:19 train_maxwellnet.py[line:140] INFO [Train] 177 epoch. Loss: 9.37302
Sun, 14 May 2023 22:33:26 train_maxwellnet.py[line:140] INFO [Train] 178 epoch. Loss: 9.24061
Sun, 14 May 2023 22:33:33 train_maxwellnet.py[line:140] INFO [Train] 179 epoch. Loss: 9.19395
Sun, 14 May 2023 22:33:40 train_maxwellnet.py[line:140] INFO [Train] 180 epoch. Loss: 9.17483
Sun, 14 May 2023 22:33:48 train_maxwellnet.py[line:140] INFO [Train] 181 epoch. Loss: 8.99474
Sun, 14 May 2023 22:33:55 train_maxwellnet.py[line:140] INFO [Train] 182 epoch. Loss: 8.97566
Sun, 14 May 2023 22:34:02 train_maxwellnet.py[line:140] INFO [Train] 183 epoch. Loss: 8.91160
Sun, 14 May 2023 22:34:09 train_maxwellnet.py[line:140] INFO [Train] 184 epoch. Loss: 8.85773
Sun, 14 May 2023 22:34:16 train_maxwellnet.py[line:140] INFO [Train] 185 epoch. Loss: 8.83925
Sun, 14 May 2023 22:34:24 train_maxwellnet.py[line:140] INFO [Train] 186 epoch. Loss: 8.70889
Sun, 14 May 2023 22:34:31 train_maxwellnet.py[line:140] INFO [Train] 187 epoch. Loss: 8.68876
Sun, 14 May 2023 22:34:38 train_maxwellnet.py[line:140] INFO [Train] 188 epoch. Loss: 8.59929
Sun, 14 May 2023 22:34:45 train_maxwellnet.py[line:140] INFO [Train] 189 epoch. Loss: 8.59487
Sun, 14 May 2023 22:34:52 train_maxwellnet.py[line:140] INFO [Train] 190 epoch. Loss: 8.49997
Sun, 14 May 2023 22:34:59 train_maxwellnet.py[line:140] INFO [Train] 191 epoch. Loss: 8.46418
Sun, 14 May 2023 22:35:06 train_maxwellnet.py[line:140] INFO [Train] 192 epoch. Loss: 8.38632
Sun, 14 May 2023 22:35:13 train_maxwellnet.py[line:140] INFO [Train] 193 epoch. Loss: 8.36312
Sun, 14 May 2023 22:35:21 train_maxwellnet.py[line:140] INFO [Train] 194 epoch. Loss: 8.29589
Sun, 14 May 2023 22:35:28 train_maxwellnet.py[line:140] INFO [Train] 195 epoch. Loss: 8.27166
Sun, 14 May 2023 22:35:34 train_maxwellnet.py[line:140] INFO [Train] 196 epoch. Loss: 8.18677
Sun, 14 May 2023 22:35:41 train_maxwellnet.py[line:140] INFO [Train] 197 epoch. Loss: 8.16771
Sun, 14 May 2023 22:35:48 train_maxwellnet.py[line:140] INFO [Train] 198 epoch. Loss: 8.11796
Sun, 14 May 2023 22:35:55 train_maxwellnet.py[line:140] INFO [Train] 199 epoch. Loss: 8.06718
Sun, 14 May 2023 22:36:03 train_maxwellnet.py[line:140] INFO [Train] 200 epoch. Loss: 8.02419
Sun, 14 May 2023 22:36:03 train_maxwellnet.py[line:161] INFO 'latest' checkpoint saved at 200 epoch.
