Sun, 14 May 2023 23:32:14 train_maxwellnet.py[line:31] INFO training examples/spheric_te
Sun, 14 May 2023 23:32:14 train_maxwellnet.py[line:50] INFO Experiment description: 
This experiment learns to solve the Maxwell's equations for a spheric lens data.
Sun, 14 May 2023 23:32:30 train_maxwellnet.py[line:68] INFO Number of network parameters: 5852648
Sun, 14 May 2023 23:32:30 train_maxwellnet.py[line:69] DEBUG {'depth': 6, 'filter': 16, 'norm': 'weight', 'up_mode': 'upconv'}
Sun, 14 May 2023 23:32:30 train_maxwellnet.py[line:70] DEBUG {'wavelength': 1, 'dpl': 20, 'Nx': 160, 'Nz': 192, 'pml_thickness': 30, 'symmetry_x': True, 'mode': 'te', 'high_order': 'fourth'}
Sun, 14 May 2023 23:32:31 train_maxwellnet.py[line:102] INFO Train Dataset length: 1
Sun, 14 May 2023 23:32:31 train_maxwellnet.py[line:132] INFO Training start
Sun, 14 May 2023 23:32:49 train_maxwellnet.py[line:140] INFO [Train] 1 epoch. Loss: 397.63400
Sun, 14 May 2023 23:33:01 train_maxwellnet.py[line:140] INFO [Train] 2 epoch. Loss: 397.55276
Sun, 14 May 2023 23:33:09 train_maxwellnet.py[line:140] INFO [Train] 3 epoch. Loss: 397.42407
Sun, 14 May 2023 23:33:17 train_maxwellnet.py[line:140] INFO [Train] 4 epoch. Loss: 397.20932
Sun, 14 May 2023 23:33:24 train_maxwellnet.py[line:140] INFO [Train] 5 epoch. Loss: 396.84204
Sun, 14 May 2023 23:33:31 train_maxwellnet.py[line:140] INFO [Train] 6 epoch. Loss: 396.21661
Sun, 14 May 2023 23:33:40 train_maxwellnet.py[line:140] INFO [Train] 7 epoch. Loss: 395.16968
Sun, 14 May 2023 23:33:47 train_maxwellnet.py[line:140] INFO [Train] 8 epoch. Loss: 393.44318
Sun, 14 May 2023 23:33:54 train_maxwellnet.py[line:140] INFO [Train] 9 epoch. Loss: 390.59637
Sun, 14 May 2023 23:34:04 train_maxwellnet.py[line:140] INFO [Train] 10 epoch. Loss: 385.83014
Sun, 14 May 2023 23:34:11 train_maxwellnet.py[line:140] INFO [Train] 11 epoch. Loss: 377.46457
Sun, 14 May 2023 23:34:22 train_maxwellnet.py[line:140] INFO [Train] 12 epoch. Loss: 361.21893
Sun, 14 May 2023 23:34:29 train_maxwellnet.py[line:140] INFO [Train] 13 epoch. Loss: 324.56830
Sun, 14 May 2023 23:34:36 train_maxwellnet.py[line:140] INFO [Train] 14 epoch. Loss: 233.21671
Sun, 14 May 2023 23:34:43 train_maxwellnet.py[line:140] INFO [Train] 15 epoch. Loss: 397.25146
Sun, 14 May 2023 23:34:55 train_maxwellnet.py[line:140] INFO [Train] 16 epoch. Loss: 172.62331
Sun, 14 May 2023 23:35:02 train_maxwellnet.py[line:140] INFO [Train] 17 epoch. Loss: 231.01648
Sun, 14 May 2023 23:35:09 train_maxwellnet.py[line:140] INFO [Train] 18 epoch. Loss: 250.59474
Sun, 14 May 2023 23:35:16 train_maxwellnet.py[line:140] INFO [Train] 19 epoch. Loss: 257.95813
Sun, 14 May 2023 23:35:23 train_maxwellnet.py[line:140] INFO [Train] 20 epoch. Loss: 258.96124
Sun, 14 May 2023 23:35:34 train_maxwellnet.py[line:140] INFO [Train] 21 epoch. Loss: 255.88628
Sun, 14 May 2023 23:35:41 train_maxwellnet.py[line:140] INFO [Train] 22 epoch. Loss: 249.88788
Sun, 14 May 2023 23:35:48 train_maxwellnet.py[line:140] INFO [Train] 23 epoch. Loss: 241.81030
Sun, 14 May 2023 23:35:54 train_maxwellnet.py[line:140] INFO [Train] 24 epoch. Loss: 232.19670
Sun, 14 May 2023 23:36:01 train_maxwellnet.py[line:140] INFO [Train] 25 epoch. Loss: 221.40674
Sun, 14 May 2023 23:36:14 train_maxwellnet.py[line:140] INFO [Train] 26 epoch. Loss: 209.43381
Sun, 14 May 2023 23:36:21 train_maxwellnet.py[line:140] INFO [Train] 27 epoch. Loss: 194.84395
Sun, 14 May 2023 23:36:28 train_maxwellnet.py[line:140] INFO [Train] 28 epoch. Loss: 318.74203
Sun, 14 May 2023 23:36:35 train_maxwellnet.py[line:140] INFO [Train] 29 epoch. Loss: 175.64998
Sun, 14 May 2023 23:36:42 train_maxwellnet.py[line:140] INFO [Train] 30 epoch. Loss: 163.97766
Sun, 14 May 2023 23:36:48 train_maxwellnet.py[line:140] INFO [Train] 31 epoch. Loss: 152.04494
Sun, 14 May 2023 23:36:55 train_maxwellnet.py[line:140] INFO [Train] 32 epoch. Loss: 141.25835
Sun, 14 May 2023 23:37:02 train_maxwellnet.py[line:140] INFO [Train] 33 epoch. Loss: 131.65054
Sun, 14 May 2023 23:37:17 train_maxwellnet.py[line:140] INFO [Train] 34 epoch. Loss: 124.08701
Sun, 14 May 2023 23:37:24 train_maxwellnet.py[line:140] INFO [Train] 35 epoch. Loss: 116.78147
Sun, 14 May 2023 23:37:31 train_maxwellnet.py[line:140] INFO [Train] 36 epoch. Loss: 107.91506
Sun, 14 May 2023 23:37:38 train_maxwellnet.py[line:140] INFO [Train] 37 epoch. Loss: 102.55769
Sun, 14 May 2023 23:37:45 train_maxwellnet.py[line:140] INFO [Train] 38 epoch. Loss: 99.70318
Sun, 14 May 2023 23:37:52 train_maxwellnet.py[line:140] INFO [Train] 39 epoch. Loss: 98.23071
Sun, 14 May 2023 23:37:59 train_maxwellnet.py[line:140] INFO [Train] 40 epoch. Loss: 97.61633
Sun, 14 May 2023 23:38:06 train_maxwellnet.py[line:140] INFO [Train] 41 epoch. Loss: 96.61034
Sun, 14 May 2023 23:38:25 train_maxwellnet.py[line:140] INFO [Train] 42 epoch. Loss: 95.98688
Sun, 14 May 2023 23:38:31 train_maxwellnet.py[line:140] INFO [Train] 43 epoch. Loss: 97.78288
Sun, 14 May 2023 23:38:38 train_maxwellnet.py[line:140] INFO [Train] 44 epoch. Loss: 94.16969
Sun, 14 May 2023 23:38:46 train_maxwellnet.py[line:140] INFO [Train] 45 epoch. Loss: 91.08312
Sun, 14 May 2023 23:38:53 train_maxwellnet.py[line:140] INFO [Train] 46 epoch. Loss: 76.91805
Sun, 14 May 2023 23:38:59 train_maxwellnet.py[line:140] INFO [Train] 47 epoch. Loss: 82.37213
Sun, 14 May 2023 23:39:06 train_maxwellnet.py[line:140] INFO [Train] 48 epoch. Loss: 67.18044
Sun, 14 May 2023 23:39:13 train_maxwellnet.py[line:140] INFO [Train] 49 epoch. Loss: 67.39232
Sun, 14 May 2023 23:39:20 train_maxwellnet.py[line:140] INFO [Train] 50 epoch. Loss: 67.51292
Sun, 14 May 2023 23:39:27 train_maxwellnet.py[line:140] INFO [Train] 51 epoch. Loss: 65.52968
Sun, 14 May 2023 23:39:34 train_maxwellnet.py[line:140] INFO [Train] 52 epoch. Loss: 62.53506
Sun, 14 May 2023 23:39:41 train_maxwellnet.py[line:140] INFO [Train] 53 epoch. Loss: 59.47387
Sun, 14 May 2023 23:40:01 train_maxwellnet.py[line:140] INFO [Train] 54 epoch. Loss: 56.47224
Sun, 14 May 2023 23:40:08 train_maxwellnet.py[line:140] INFO [Train] 55 epoch. Loss: 53.45079
Sun, 14 May 2023 23:40:15 train_maxwellnet.py[line:140] INFO [Train] 56 epoch. Loss: 49.92723
Sun, 14 May 2023 23:40:22 train_maxwellnet.py[line:140] INFO [Train] 57 epoch. Loss: 46.44191
Sun, 14 May 2023 23:40:29 train_maxwellnet.py[line:140] INFO [Train] 58 epoch. Loss: 43.97671
Sun, 14 May 2023 23:40:36 train_maxwellnet.py[line:140] INFO [Train] 59 epoch. Loss: 42.74692
Sun, 14 May 2023 23:40:43 train_maxwellnet.py[line:140] INFO [Train] 60 epoch. Loss: 41.87844
Sun, 14 May 2023 23:40:50 train_maxwellnet.py[line:140] INFO [Train] 61 epoch. Loss: 40.20924
Sun, 14 May 2023 23:40:56 train_maxwellnet.py[line:140] INFO [Train] 62 epoch. Loss: 37.84464
Sun, 14 May 2023 23:41:03 train_maxwellnet.py[line:140] INFO [Train] 63 epoch. Loss: 35.79189
Sun, 14 May 2023 23:41:10 train_maxwellnet.py[line:140] INFO [Train] 64 epoch. Loss: 33.04768
Sun, 14 May 2023 23:41:17 train_maxwellnet.py[line:140] INFO [Train] 65 epoch. Loss: 31.02200
Sun, 14 May 2023 23:41:24 train_maxwellnet.py[line:140] INFO [Train] 66 epoch. Loss: 30.06964
Sun, 14 May 2023 23:41:54 train_maxwellnet.py[line:140] INFO [Train] 67 epoch. Loss: 28.86091
Sun, 14 May 2023 23:42:01 train_maxwellnet.py[line:140] INFO [Train] 68 epoch. Loss: 30.68212
Sun, 14 May 2023 23:42:08 train_maxwellnet.py[line:140] INFO [Train] 69 epoch. Loss: 29.09219
Sun, 14 May 2023 23:42:15 train_maxwellnet.py[line:140] INFO [Train] 70 epoch. Loss: 26.13023
Sun, 14 May 2023 23:42:22 train_maxwellnet.py[line:140] INFO [Train] 71 epoch. Loss: 25.92508
Sun, 14 May 2023 23:42:29 train_maxwellnet.py[line:140] INFO [Train] 72 epoch. Loss: 23.82511
Sun, 14 May 2023 23:42:35 train_maxwellnet.py[line:140] INFO [Train] 73 epoch. Loss: 23.45939
Sun, 14 May 2023 23:42:42 train_maxwellnet.py[line:140] INFO [Train] 74 epoch. Loss: 21.75822
Sun, 14 May 2023 23:42:49 train_maxwellnet.py[line:140] INFO [Train] 75 epoch. Loss: 21.23452
Sun, 14 May 2023 23:42:56 train_maxwellnet.py[line:140] INFO [Train] 76 epoch. Loss: 20.68539
Sun, 14 May 2023 23:43:03 train_maxwellnet.py[line:140] INFO [Train] 77 epoch. Loss: 20.14302
Sun, 14 May 2023 23:43:10 train_maxwellnet.py[line:140] INFO [Train] 78 epoch. Loss: 19.27182
Sun, 14 May 2023 23:43:17 train_maxwellnet.py[line:140] INFO [Train] 79 epoch. Loss: 18.31430
Sun, 14 May 2023 23:43:24 train_maxwellnet.py[line:140] INFO [Train] 80 epoch. Loss: 17.91086
Sun, 14 May 2023 23:43:31 train_maxwellnet.py[line:140] INFO [Train] 81 epoch. Loss: 17.20465
Sun, 14 May 2023 23:43:38 train_maxwellnet.py[line:140] INFO [Train] 82 epoch. Loss: 16.91794
Sun, 14 May 2023 23:43:45 train_maxwellnet.py[line:140] INFO [Train] 83 epoch. Loss: 16.38916
Sun, 14 May 2023 23:43:52 train_maxwellnet.py[line:140] INFO [Train] 84 epoch. Loss: 16.16370
Sun, 14 May 2023 23:44:24 train_maxwellnet.py[line:140] INFO [Train] 85 epoch. Loss: 15.83750
Sun, 14 May 2023 23:44:31 train_maxwellnet.py[line:140] INFO [Train] 86 epoch. Loss: 15.42004
Sun, 14 May 2023 23:44:38 train_maxwellnet.py[line:140] INFO [Train] 87 epoch. Loss: 15.69130
Sun, 14 May 2023 23:44:45 train_maxwellnet.py[line:140] INFO [Train] 88 epoch. Loss: 15.72079
Sun, 14 May 2023 23:44:52 train_maxwellnet.py[line:140] INFO [Train] 89 epoch. Loss: 14.96640
Sun, 14 May 2023 23:44:59 train_maxwellnet.py[line:140] INFO [Train] 90 epoch. Loss: 15.31024
Sun, 14 May 2023 23:45:06 train_maxwellnet.py[line:140] INFO [Train] 91 epoch. Loss: 14.39746
Sun, 14 May 2023 23:45:13 train_maxwellnet.py[line:140] INFO [Train] 92 epoch. Loss: 14.69782
Sun, 14 May 2023 23:45:20 train_maxwellnet.py[line:140] INFO [Train] 93 epoch. Loss: 13.96305
Sun, 14 May 2023 23:45:27 train_maxwellnet.py[line:140] INFO [Train] 94 epoch. Loss: 14.50625
Sun, 14 May 2023 23:45:34 train_maxwellnet.py[line:140] INFO [Train] 95 epoch. Loss: 13.84825
Sun, 14 May 2023 23:45:41 train_maxwellnet.py[line:140] INFO [Train] 96 epoch. Loss: 13.97304
Sun, 14 May 2023 23:45:48 train_maxwellnet.py[line:140] INFO [Train] 97 epoch. Loss: 13.62827
Sun, 14 May 2023 23:45:55 train_maxwellnet.py[line:140] INFO [Train] 98 epoch. Loss: 13.60313
Sun, 14 May 2023 23:46:02 train_maxwellnet.py[line:140] INFO [Train] 99 epoch. Loss: 13.58245
Sun, 14 May 2023 23:46:09 train_maxwellnet.py[line:140] INFO [Train] 100 epoch. Loss: 13.24106
Sun, 14 May 2023 23:46:16 train_maxwellnet.py[line:140] INFO [Train] 101 epoch. Loss: 13.16199
Sun, 14 May 2023 23:46:23 train_maxwellnet.py[line:140] INFO [Train] 102 epoch. Loss: 13.02466
Sun, 14 May 2023 23:46:30 train_maxwellnet.py[line:140] INFO [Train] 103 epoch. Loss: 12.96277
Sun, 14 May 2023 23:46:37 train_maxwellnet.py[line:140] INFO [Train] 104 epoch. Loss: 12.79652
Sun, 14 May 2023 23:46:44 train_maxwellnet.py[line:140] INFO [Train] 105 epoch. Loss: 12.70710
Sun, 14 May 2023 23:47:19 train_maxwellnet.py[line:140] INFO [Train] 106 epoch. Loss: 12.60182
Sun, 14 May 2023 23:47:26 train_maxwellnet.py[line:140] INFO [Train] 107 epoch. Loss: 12.52397
Sun, 14 May 2023 23:47:33 train_maxwellnet.py[line:140] INFO [Train] 108 epoch. Loss: 12.41699
Sun, 14 May 2023 23:47:40 train_maxwellnet.py[line:140] INFO [Train] 109 epoch. Loss: 12.32096
Sun, 14 May 2023 23:47:47 train_maxwellnet.py[line:140] INFO [Train] 110 epoch. Loss: 12.21710
Sun, 14 May 2023 23:47:54 train_maxwellnet.py[line:140] INFO [Train] 111 epoch. Loss: 12.17801
Sun, 14 May 2023 23:48:01 train_maxwellnet.py[line:140] INFO [Train] 112 epoch. Loss: 12.03028
Sun, 14 May 2023 23:48:08 train_maxwellnet.py[line:140] INFO [Train] 113 epoch. Loss: 11.99068
Sun, 14 May 2023 23:48:15 train_maxwellnet.py[line:140] INFO [Train] 114 epoch. Loss: 11.88907
Sun, 14 May 2023 23:48:22 train_maxwellnet.py[line:140] INFO [Train] 115 epoch. Loss: 11.79832
Sun, 14 May 2023 23:48:29 train_maxwellnet.py[line:140] INFO [Train] 116 epoch. Loss: 11.73463
Sun, 14 May 2023 23:48:37 train_maxwellnet.py[line:140] INFO [Train] 117 epoch. Loss: 11.61447
Sun, 14 May 2023 23:48:43 train_maxwellnet.py[line:140] INFO [Train] 118 epoch. Loss: 11.56801
Sun, 14 May 2023 23:48:50 train_maxwellnet.py[line:140] INFO [Train] 119 epoch. Loss: 11.47732
Sun, 14 May 2023 23:48:57 train_maxwellnet.py[line:140] INFO [Train] 120 epoch. Loss: 11.40203
Sun, 14 May 2023 23:49:04 train_maxwellnet.py[line:140] INFO [Train] 121 epoch. Loss: 11.35496
Sun, 14 May 2023 23:49:12 train_maxwellnet.py[line:140] INFO [Train] 122 epoch. Loss: 11.27141
Sun, 14 May 2023 23:49:19 train_maxwellnet.py[line:140] INFO [Train] 123 epoch. Loss: 11.19261
Sun, 14 May 2023 23:49:26 train_maxwellnet.py[line:140] INFO [Train] 124 epoch. Loss: 11.13285
Sun, 14 May 2023 23:49:33 train_maxwellnet.py[line:140] INFO [Train] 125 epoch. Loss: 11.08479
Sun, 14 May 2023 23:49:40 train_maxwellnet.py[line:140] INFO [Train] 126 epoch. Loss: 10.99630
Sun, 14 May 2023 23:49:47 train_maxwellnet.py[line:140] INFO [Train] 127 epoch. Loss: 10.92448
Sun, 14 May 2023 23:49:54 train_maxwellnet.py[line:140] INFO [Train] 128 epoch. Loss: 10.85508
Sun, 14 May 2023 23:50:01 train_maxwellnet.py[line:140] INFO [Train] 129 epoch. Loss: 10.78994
Sun, 14 May 2023 23:50:08 train_maxwellnet.py[line:140] INFO [Train] 130 epoch. Loss: 10.76418
Sun, 14 May 2023 23:50:15 train_maxwellnet.py[line:140] INFO [Train] 131 epoch. Loss: 10.79415
Sun, 14 May 2023 23:50:22 train_maxwellnet.py[line:140] INFO [Train] 132 epoch. Loss: 11.02025
Sun, 14 May 2023 23:51:10 train_maxwellnet.py[line:140] INFO [Train] 133 epoch. Loss: 12.26354
Sun, 14 May 2023 23:51:17 train_maxwellnet.py[line:140] INFO [Train] 134 epoch. Loss: 11.65220
Sun, 14 May 2023 23:51:24 train_maxwellnet.py[line:140] INFO [Train] 135 epoch. Loss: 11.81869
Sun, 14 May 2023 23:51:31 train_maxwellnet.py[line:140] INFO [Train] 136 epoch. Loss: 10.49907
Sun, 14 May 2023 23:51:38 train_maxwellnet.py[line:140] INFO [Train] 137 epoch. Loss: 11.50303
Sun, 14 May 2023 23:51:45 train_maxwellnet.py[line:140] INFO [Train] 138 epoch. Loss: 12.89818
Sun, 14 May 2023 23:51:52 train_maxwellnet.py[line:140] INFO [Train] 139 epoch. Loss: 10.56855
Sun, 14 May 2023 23:51:59 train_maxwellnet.py[line:140] INFO [Train] 140 epoch. Loss: 13.79841
Sun, 14 May 2023 23:52:06 train_maxwellnet.py[line:140] INFO [Train] 141 epoch. Loss: 13.64760
Sun, 14 May 2023 23:52:13 train_maxwellnet.py[line:140] INFO [Train] 142 epoch. Loss: 13.46622
Sun, 14 May 2023 23:52:20 train_maxwellnet.py[line:140] INFO [Train] 143 epoch. Loss: 12.12232
Sun, 14 May 2023 23:52:27 train_maxwellnet.py[line:140] INFO [Train] 144 epoch. Loss: 10.90028
Sun, 14 May 2023 23:52:34 train_maxwellnet.py[line:140] INFO [Train] 145 epoch. Loss: 11.96184
Sun, 14 May 2023 23:52:41 train_maxwellnet.py[line:140] INFO [Train] 146 epoch. Loss: 11.28025
Sun, 14 May 2023 23:52:49 train_maxwellnet.py[line:140] INFO [Train] 147 epoch. Loss: 11.25531
Sun, 14 May 2023 23:52:56 train_maxwellnet.py[line:140] INFO [Train] 148 epoch. Loss: 10.50619
Sun, 14 May 2023 23:53:03 train_maxwellnet.py[line:140] INFO [Train] 149 epoch. Loss: 10.92536
Sun, 14 May 2023 23:53:10 train_maxwellnet.py[line:140] INFO [Train] 150 epoch. Loss: 10.29920
Sun, 14 May 2023 23:53:17 train_maxwellnet.py[line:140] INFO [Train] 151 epoch. Loss: 10.77472
Sun, 14 May 2023 23:53:24 train_maxwellnet.py[line:140] INFO [Train] 152 epoch. Loss: 10.16142
Sun, 14 May 2023 23:53:31 train_maxwellnet.py[line:140] INFO [Train] 153 epoch. Loss: 10.52229
Sun, 14 May 2023 23:53:38 train_maxwellnet.py[line:140] INFO [Train] 154 epoch. Loss: 10.00599
Sun, 14 May 2023 23:53:45 train_maxwellnet.py[line:140] INFO [Train] 155 epoch. Loss: 10.38936
Sun, 14 May 2023 23:53:52 train_maxwellnet.py[line:140] INFO [Train] 156 epoch. Loss: 10.03991
Sun, 14 May 2023 23:53:59 train_maxwellnet.py[line:140] INFO [Train] 157 epoch. Loss: 10.11963
Sun, 14 May 2023 23:54:06 train_maxwellnet.py[line:140] INFO [Train] 158 epoch. Loss: 10.00441
Sun, 14 May 2023 23:54:14 train_maxwellnet.py[line:140] INFO [Train] 159 epoch. Loss: 9.82507
Sun, 14 May 2023 23:54:21 train_maxwellnet.py[line:140] INFO [Train] 160 epoch. Loss: 9.93581
Sun, 14 May 2023 23:54:28 train_maxwellnet.py[line:140] INFO [Train] 161 epoch. Loss: 9.77121
Sun, 14 May 2023 23:54:35 train_maxwellnet.py[line:140] INFO [Train] 162 epoch. Loss: 9.91274
Sun, 14 May 2023 23:54:42 train_maxwellnet.py[line:140] INFO [Train] 163 epoch. Loss: 9.68508
Sun, 14 May 2023 23:54:49 train_maxwellnet.py[line:140] INFO [Train] 164 epoch. Loss: 9.75773
Sun, 14 May 2023 23:54:56 train_maxwellnet.py[line:140] INFO [Train] 165 epoch. Loss: 9.55769
Sun, 14 May 2023 23:55:03 train_maxwellnet.py[line:140] INFO [Train] 166 epoch. Loss: 9.58388
Sun, 14 May 2023 23:56:17 train_maxwellnet.py[line:140] INFO [Train] 167 epoch. Loss: 9.55159
Sun, 14 May 2023 23:56:24 train_maxwellnet.py[line:140] INFO [Train] 168 epoch. Loss: 9.44157
Sun, 14 May 2023 23:56:30 train_maxwellnet.py[line:140] INFO [Train] 169 epoch. Loss: 9.52522
Sun, 14 May 2023 23:56:38 train_maxwellnet.py[line:140] INFO [Train] 170 epoch. Loss: 9.37729
Sun, 14 May 2023 23:56:45 train_maxwellnet.py[line:140] INFO [Train] 171 epoch. Loss: 9.30839
Sun, 14 May 2023 23:56:53 train_maxwellnet.py[line:140] INFO [Train] 172 epoch. Loss: 9.34326
Sun, 14 May 2023 23:56:59 train_maxwellnet.py[line:140] INFO [Train] 173 epoch. Loss: 9.21013
Sun, 14 May 2023 23:57:07 train_maxwellnet.py[line:140] INFO [Train] 174 epoch. Loss: 9.18664
Sun, 14 May 2023 23:57:14 train_maxwellnet.py[line:140] INFO [Train] 175 epoch. Loss: 9.17647
Sun, 14 May 2023 23:57:21 train_maxwellnet.py[line:140] INFO [Train] 176 epoch. Loss: 9.08619
Sun, 14 May 2023 23:57:28 train_maxwellnet.py[line:140] INFO [Train] 177 epoch. Loss: 9.01857
Sun, 14 May 2023 23:57:35 train_maxwellnet.py[line:140] INFO [Train] 178 epoch. Loss: 8.99826
Sun, 14 May 2023 23:57:42 train_maxwellnet.py[line:140] INFO [Train] 179 epoch. Loss: 8.94157
Sun, 14 May 2023 23:57:49 train_maxwellnet.py[line:140] INFO [Train] 180 epoch. Loss: 8.88761
Sun, 14 May 2023 23:57:56 train_maxwellnet.py[line:140] INFO [Train] 181 epoch. Loss: 8.85815
Sun, 14 May 2023 23:58:03 train_maxwellnet.py[line:140] INFO [Train] 182 epoch. Loss: 8.82918
Sun, 14 May 2023 23:58:10 train_maxwellnet.py[line:140] INFO [Train] 183 epoch. Loss: 8.78104
Sun, 14 May 2023 23:58:17 train_maxwellnet.py[line:140] INFO [Train] 184 epoch. Loss: 8.72765
Sun, 14 May 2023 23:58:24 train_maxwellnet.py[line:140] INFO [Train] 185 epoch. Loss: 8.68776
Sun, 14 May 2023 23:58:31 train_maxwellnet.py[line:140] INFO [Train] 186 epoch. Loss: 8.65107
Sun, 14 May 2023 23:58:38 train_maxwellnet.py[line:140] INFO [Train] 187 epoch. Loss: 8.62359
Sun, 14 May 2023 23:58:46 train_maxwellnet.py[line:140] INFO [Train] 188 epoch. Loss: 8.58970
Sun, 14 May 2023 23:58:52 train_maxwellnet.py[line:140] INFO [Train] 189 epoch. Loss: 8.57037
