Tue, 16 May 2023 01:43:06 train_maxwellnet.py[line:32] INFO training examples/spheric_te
Tue, 16 May 2023 01:43:06 train_maxwellnet.py[line:50] INFO Experiment description: 
This experiment learns to solve the Maxwell's equations for a spheric lens data.
Tue, 16 May 2023 01:43:13 train_maxwellnet.py[line:68] INFO Number of network parameters: 5852648
Tue, 16 May 2023 01:43:13 train_maxwellnet.py[line:70] DEBUG {'depth': 6, 'filter': 16, 'norm': 'weight', 'up_mode': 'upconv'}
Tue, 16 May 2023 01:43:13 train_maxwellnet.py[line:71] DEBUG {'wavelength': 1, 'dpl': 20, 'Nx': 160, 'Nz': 192, 'pml_thickness': 30, 'symmetry_x': True, 'mode': 'te', 'high_order': 'fourth'}
Tue, 16 May 2023 01:43:13 train_maxwellnet.py[line:105] INFO Train Dataset length: 1
Tue, 16 May 2023 01:43:13 train_maxwellnet.py[line:135] INFO Training start
Tue, 16 May 2023 01:43:14 train_maxwellnet.py[line:142] INFO [Train] 1 epoch. Loss: 397.63721
Tue, 16 May 2023 01:43:14 train_maxwellnet.py[line:142] INFO [Train] 2 epoch. Loss: 397.56030
Tue, 16 May 2023 01:43:15 train_maxwellnet.py[line:142] INFO [Train] 3 epoch. Loss: 397.46155
Tue, 16 May 2023 01:43:15 train_maxwellnet.py[line:142] INFO [Train] 4 epoch. Loss: 397.32135
Tue, 16 May 2023 01:43:16 train_maxwellnet.py[line:142] INFO [Train] 5 epoch. Loss: 397.11215
Tue, 16 May 2023 01:43:16 train_maxwellnet.py[line:142] INFO [Train] 6 epoch. Loss: 396.78528
Tue, 16 May 2023 01:43:17 train_maxwellnet.py[line:142] INFO [Train] 7 epoch. Loss: 396.25745
Tue, 16 May 2023 01:43:17 train_maxwellnet.py[line:142] INFO [Train] 8 epoch. Loss: 395.39130
Tue, 16 May 2023 01:43:18 train_maxwellnet.py[line:142] INFO [Train] 9 epoch. Loss: 393.97202
Tue, 16 May 2023 01:43:18 train_maxwellnet.py[line:142] INFO [Train] 10 epoch. Loss: 391.68405
Tue, 16 May 2023 01:43:19 train_maxwellnet.py[line:142] INFO [Train] 11 epoch. Loss: 388.08829
Tue, 16 May 2023 01:43:20 train_maxwellnet.py[line:142] INFO [Train] 12 epoch. Loss: 382.61557
Tue, 16 May 2023 01:43:21 train_maxwellnet.py[line:142] INFO [Train] 13 epoch. Loss: 374.58234
Tue, 16 May 2023 01:43:21 train_maxwellnet.py[line:142] INFO [Train] 14 epoch. Loss: 363.22327
Tue, 16 May 2023 01:43:22 train_maxwellnet.py[line:142] INFO [Train] 15 epoch. Loss: 347.75897
Tue, 16 May 2023 01:43:23 train_maxwellnet.py[line:142] INFO [Train] 16 epoch. Loss: 327.48938
Tue, 16 May 2023 01:43:25 train_maxwellnet.py[line:142] INFO [Train] 17 epoch. Loss: 301.96063
Tue, 16 May 2023 01:43:26 train_maxwellnet.py[line:142] INFO [Train] 18 epoch. Loss: 271.06168
Tue, 16 May 2023 01:43:27 train_maxwellnet.py[line:142] INFO [Train] 19 epoch. Loss: 235.24571
Tue, 16 May 2023 01:43:29 train_maxwellnet.py[line:142] INFO [Train] 20 epoch. Loss: 195.63625
Tue, 16 May 2023 01:43:30 train_maxwellnet.py[line:142] INFO [Train] 21 epoch. Loss: 154.21440
Tue, 16 May 2023 01:43:32 train_maxwellnet.py[line:142] INFO [Train] 22 epoch. Loss: 113.84037
Tue, 16 May 2023 01:43:34 train_maxwellnet.py[line:142] INFO [Train] 23 epoch. Loss: 78.32124
Tue, 16 May 2023 01:43:35 train_maxwellnet.py[line:142] INFO [Train] 24 epoch. Loss: 53.01256
Tue, 16 May 2023 01:43:37 train_maxwellnet.py[line:142] INFO [Train] 25 epoch. Loss: 45.06113
Tue, 16 May 2023 01:43:39 train_maxwellnet.py[line:142] INFO [Train] 26 epoch. Loss: 56.63531
Tue, 16 May 2023 01:43:41 train_maxwellnet.py[line:142] INFO [Train] 27 epoch. Loss: 79.54776
Tue, 16 May 2023 01:43:43 train_maxwellnet.py[line:142] INFO [Train] 28 epoch. Loss: 104.99838
Tue, 16 May 2023 01:43:45 train_maxwellnet.py[line:142] INFO [Train] 29 epoch. Loss: 125.98100
Tue, 16 May 2023 01:43:47 train_maxwellnet.py[line:142] INFO [Train] 30 epoch. Loss: 138.26558
Tue, 16 May 2023 01:43:49 train_maxwellnet.py[line:142] INFO [Train] 31 epoch. Loss: 140.20917
Tue, 16 May 2023 01:43:52 train_maxwellnet.py[line:142] INFO [Train] 32 epoch. Loss: 132.93015
Tue, 16 May 2023 01:43:54 train_maxwellnet.py[line:142] INFO [Train] 33 epoch. Loss: 118.64366
Tue, 16 May 2023 01:43:56 train_maxwellnet.py[line:142] INFO [Train] 34 epoch. Loss: 100.65136
Tue, 16 May 2023 01:43:58 train_maxwellnet.py[line:142] INFO [Train] 35 epoch. Loss: 81.90202
Tue, 16 May 2023 01:44:01 train_maxwellnet.py[line:142] INFO [Train] 36 epoch. Loss: 65.13380
Tue, 16 May 2023 01:44:03 train_maxwellnet.py[line:142] INFO [Train] 37 epoch. Loss: 52.22372
Tue, 16 May 2023 01:44:05 train_maxwellnet.py[line:142] INFO [Train] 38 epoch. Loss: 44.40647
Tue, 16 May 2023 01:44:08 train_maxwellnet.py[line:142] INFO [Train] 39 epoch. Loss: 42.25368
Tue, 16 May 2023 01:44:11 train_maxwellnet.py[line:142] INFO [Train] 40 epoch. Loss: 44.06123
Tue, 16 May 2023 01:44:13 train_maxwellnet.py[line:142] INFO [Train] 41 epoch. Loss: 46.56464
Tue, 16 May 2023 01:44:16 train_maxwellnet.py[line:142] INFO [Train] 42 epoch. Loss: 48.20370
Tue, 16 May 2023 01:44:19 train_maxwellnet.py[line:142] INFO [Train] 43 epoch. Loss: 48.48203
Tue, 16 May 2023 01:44:22 train_maxwellnet.py[line:142] INFO [Train] 44 epoch. Loss: 47.44393
Tue, 16 May 2023 01:44:25 train_maxwellnet.py[line:142] INFO [Train] 45 epoch. Loss: 45.46738
Tue, 16 May 2023 01:44:28 train_maxwellnet.py[line:142] INFO [Train] 46 epoch. Loss: 43.23371
Tue, 16 May 2023 01:44:31 train_maxwellnet.py[line:142] INFO [Train] 47 epoch. Loss: 41.55007
Tue, 16 May 2023 01:44:34 train_maxwellnet.py[line:142] INFO [Train] 48 epoch. Loss: 41.40346
Tue, 16 May 2023 01:44:37 train_maxwellnet.py[line:142] INFO [Train] 49 epoch. Loss: 42.55603
Tue, 16 May 2023 01:44:41 train_maxwellnet.py[line:142] INFO [Train] 50 epoch. Loss: 43.56944
Tue, 16 May 2023 01:44:44 train_maxwellnet.py[line:142] INFO [Train] 51 epoch. Loss: 43.67362
Tue, 16 May 2023 01:44:47 train_maxwellnet.py[line:142] INFO [Train] 52 epoch. Loss: 42.82534
Tue, 16 May 2023 01:44:51 train_maxwellnet.py[line:142] INFO [Train] 53 epoch. Loss: 41.52153
Tue, 16 May 2023 01:44:54 train_maxwellnet.py[line:142] INFO [Train] 54 epoch. Loss: 40.56853
Tue, 16 May 2023 01:44:58 train_maxwellnet.py[line:142] INFO [Train] 55 epoch. Loss: 40.69978
Tue, 16 May 2023 01:45:02 train_maxwellnet.py[line:142] INFO [Train] 56 epoch. Loss: 41.28410
Tue, 16 May 2023 01:45:05 train_maxwellnet.py[line:142] INFO [Train] 57 epoch. Loss: 41.44405
Tue, 16 May 2023 01:45:09 train_maxwellnet.py[line:142] INFO [Train] 58 epoch. Loss: 41.01431
Tue, 16 May 2023 01:45:13 train_maxwellnet.py[line:142] INFO [Train] 59 epoch. Loss: 40.19284
Tue, 16 May 2023 01:45:17 train_maxwellnet.py[line:142] INFO [Train] 60 epoch. Loss: 39.53903
Tue, 16 May 2023 01:45:21 train_maxwellnet.py[line:142] INFO [Train] 61 epoch. Loss: 39.70076
Tue, 16 May 2023 01:45:25 train_maxwellnet.py[line:142] INFO [Train] 62 epoch. Loss: 40.20289
Tue, 16 May 2023 01:45:29 train_maxwellnet.py[line:142] INFO [Train] 63 epoch. Loss: 40.22575
Tue, 16 May 2023 01:45:33 train_maxwellnet.py[line:142] INFO [Train] 64 epoch. Loss: 39.57696
Tue, 16 May 2023 01:45:37 train_maxwellnet.py[line:142] INFO [Train] 65 epoch. Loss: 38.59768
Tue, 16 May 2023 01:45:41 train_maxwellnet.py[line:142] INFO [Train] 66 epoch. Loss: 37.90812
Tue, 16 May 2023 01:45:45 train_maxwellnet.py[line:142] INFO [Train] 67 epoch. Loss: 37.88670
Tue, 16 May 2023 01:45:49 train_maxwellnet.py[line:142] INFO [Train] 68 epoch. Loss: 37.92930
Tue, 16 May 2023 01:45:54 train_maxwellnet.py[line:142] INFO [Train] 69 epoch. Loss: 37.56139
Tue, 16 May 2023 01:45:58 train_maxwellnet.py[line:142] INFO [Train] 70 epoch. Loss: 36.82315
Tue, 16 May 2023 01:46:02 train_maxwellnet.py[line:142] INFO [Train] 71 epoch. Loss: 36.18934
Tue, 16 May 2023 01:46:07 train_maxwellnet.py[line:142] INFO [Train] 72 epoch. Loss: 35.97502
Tue, 16 May 2023 01:46:11 train_maxwellnet.py[line:142] INFO [Train] 73 epoch. Loss: 35.73068
Tue, 16 May 2023 01:46:16 train_maxwellnet.py[line:142] INFO [Train] 74 epoch. Loss: 35.16382
Tue, 16 May 2023 01:46:20 train_maxwellnet.py[line:142] INFO [Train] 75 epoch. Loss: 34.44139
Tue, 16 May 2023 01:46:25 train_maxwellnet.py[line:142] INFO [Train] 76 epoch. Loss: 33.96638
Tue, 16 May 2023 01:46:30 train_maxwellnet.py[line:142] INFO [Train] 77 epoch. Loss: 33.52154
Tue, 16 May 2023 01:46:35 train_maxwellnet.py[line:142] INFO [Train] 78 epoch. Loss: 32.87268
Tue, 16 May 2023 01:46:40 train_maxwellnet.py[line:142] INFO [Train] 79 epoch. Loss: 32.24739
Tue, 16 May 2023 01:46:45 train_maxwellnet.py[line:142] INFO [Train] 80 epoch. Loss: 31.74511
Tue, 16 May 2023 01:46:50 train_maxwellnet.py[line:142] INFO [Train] 81 epoch. Loss: 31.12041
Tue, 16 May 2023 01:46:55 train_maxwellnet.py[line:142] INFO [Train] 82 epoch. Loss: 30.42271
Tue, 16 May 2023 01:47:00 train_maxwellnet.py[line:142] INFO [Train] 83 epoch. Loss: 29.90027
Tue, 16 May 2023 01:47:05 train_maxwellnet.py[line:142] INFO [Train] 84 epoch. Loss: 29.35479
Tue, 16 May 2023 01:47:10 train_maxwellnet.py[line:142] INFO [Train] 85 epoch. Loss: 28.76002
Tue, 16 May 2023 01:47:16 train_maxwellnet.py[line:142] INFO [Train] 86 epoch. Loss: 28.35603
