Sun, 14 May 2023 20:57:23 train_maxwellnet.py[line:31] INFO training examples/spheric_te
Sun, 14 May 2023 20:57:23 train_maxwellnet.py[line:50] INFO Experiment description: 
This experiment learns to solve the Maxwell's equations for a spheric lens data.
Sun, 14 May 2023 20:57:40 train_maxwellnet.py[line:68] INFO Number of network parameters: 5852648
Sun, 14 May 2023 20:57:40 train_maxwellnet.py[line:69] DEBUG {'depth': 6, 'filter': 16, 'norm': 'weight', 'up_mode': 'upconv'}
Sun, 14 May 2023 20:57:40 train_maxwellnet.py[line:70] DEBUG {'wavelength': 1, 'dpl': 20, 'Nx': 160, 'Nz': 192, 'pml_thickness': 30, 'symmetry_x': True, 'mode': 'te', 'high_order': 'fourth'}
Sun, 14 May 2023 20:57:41 train_maxwellnet.py[line:102] INFO Train Dataset length: 1
Sun, 14 May 2023 20:57:41 train_maxwellnet.py[line:132] INFO Training start
Sun, 14 May 2023 20:57:59 train_maxwellnet.py[line:140] INFO [Train] 1 epoch. Loss: 397.63400
Sun, 14 May 2023 20:58:11 train_maxwellnet.py[line:140] INFO [Train] 2 epoch. Loss: 397.55289
Sun, 14 May 2023 20:58:19 train_maxwellnet.py[line:140] INFO [Train] 3 epoch. Loss: 397.42407
Sun, 14 May 2023 20:58:27 train_maxwellnet.py[line:140] INFO [Train] 4 epoch. Loss: 397.20929
Sun, 14 May 2023 20:58:36 train_maxwellnet.py[line:140] INFO [Train] 5 epoch. Loss: 396.84201
Sun, 14 May 2023 20:58:43 train_maxwellnet.py[line:140] INFO [Train] 6 epoch. Loss: 396.21658
Sun, 14 May 2023 20:58:52 train_maxwellnet.py[line:140] INFO [Train] 7 epoch. Loss: 395.16977
Sun, 14 May 2023 20:58:59 train_maxwellnet.py[line:140] INFO [Train] 8 epoch. Loss: 393.44293
Sun, 14 May 2023 20:59:05 train_maxwellnet.py[line:140] INFO [Train] 9 epoch. Loss: 390.59641
Sun, 14 May 2023 20:59:16 train_maxwellnet.py[line:140] INFO [Train] 10 epoch. Loss: 385.83023
Sun, 14 May 2023 20:59:23 train_maxwellnet.py[line:140] INFO [Train] 11 epoch. Loss: 377.46466
Sun, 14 May 2023 20:59:32 train_maxwellnet.py[line:140] INFO [Train] 12 epoch. Loss: 361.21579
Sun, 14 May 2023 20:59:39 train_maxwellnet.py[line:140] INFO [Train] 13 epoch. Loss: 324.52750
Sun, 14 May 2023 20:59:46 train_maxwellnet.py[line:140] INFO [Train] 14 epoch. Loss: 233.07233
Sun, 14 May 2023 20:59:53 train_maxwellnet.py[line:140] INFO [Train] 15 epoch. Loss: 403.49692
Sun, 14 May 2023 21:00:03 train_maxwellnet.py[line:140] INFO [Train] 16 epoch. Loss: 172.69609
Sun, 14 May 2023 21:00:10 train_maxwellnet.py[line:140] INFO [Train] 17 epoch. Loss: 231.41972
Sun, 14 May 2023 21:00:24 train_maxwellnet.py[line:140] INFO [Train] 18 epoch. Loss: 251.10873
Sun, 14 May 2023 21:00:31 train_maxwellnet.py[line:140] INFO [Train] 19 epoch. Loss: 258.61285
Sun, 14 May 2023 21:00:44 train_maxwellnet.py[line:140] INFO [Train] 20 epoch. Loss: 259.76315
Sun, 14 May 2023 21:00:58 train_maxwellnet.py[line:140] INFO [Train] 21 epoch. Loss: 256.89404
Sun, 14 May 2023 21:01:05 train_maxwellnet.py[line:140] INFO [Train] 22 epoch. Loss: 251.09760
Sun, 14 May 2023 21:01:19 train_maxwellnet.py[line:140] INFO [Train] 23 epoch. Loss: 243.14348
Sun, 14 May 2023 21:01:32 train_maxwellnet.py[line:140] INFO [Train] 24 epoch. Loss: 233.69814
Sun, 14 May 2023 21:01:46 train_maxwellnet.py[line:140] INFO [Train] 25 epoch. Loss: 223.18655
Sun, 14 May 2023 21:02:01 train_maxwellnet.py[line:140] INFO [Train] 26 epoch. Loss: 211.77328
Sun, 14 May 2023 21:02:14 train_maxwellnet.py[line:140] INFO [Train] 27 epoch. Loss: 199.36775
Sun, 14 May 2023 21:02:28 train_maxwellnet.py[line:140] INFO [Train] 28 epoch. Loss: 185.16414
Sun, 14 May 2023 21:02:41 train_maxwellnet.py[line:140] INFO [Train] 29 epoch. Loss: 191.77017
Sun, 14 May 2023 21:02:48 train_maxwellnet.py[line:140] INFO [Train] 30 epoch. Loss: 163.75684
Sun, 14 May 2023 21:02:56 train_maxwellnet.py[line:140] INFO [Train] 31 epoch. Loss: 151.72766
Sun, 14 May 2023 21:03:18 train_maxwellnet.py[line:140] INFO [Train] 32 epoch. Loss: 136.50520
Sun, 14 May 2023 21:03:26 train_maxwellnet.py[line:140] INFO [Train] 33 epoch. Loss: 122.56477
Sun, 14 May 2023 21:03:33 train_maxwellnet.py[line:140] INFO [Train] 34 epoch. Loss: 113.52888
Sun, 14 May 2023 21:03:47 train_maxwellnet.py[line:140] INFO [Train] 35 epoch. Loss: 130.68771
Sun, 14 May 2023 21:04:00 train_maxwellnet.py[line:140] INFO [Train] 36 epoch. Loss: 111.31747
Sun, 14 May 2023 21:04:08 train_maxwellnet.py[line:140] INFO [Train] 37 epoch. Loss: 265.55945
Sun, 14 May 2023 21:04:15 train_maxwellnet.py[line:140] INFO [Train] 38 epoch. Loss: 139.86131
Sun, 14 May 2023 21:04:22 train_maxwellnet.py[line:140] INFO [Train] 39 epoch. Loss: 135.77795
Sun, 14 May 2023 21:04:29 train_maxwellnet.py[line:140] INFO [Train] 40 epoch. Loss: 131.94255
Sun, 14 May 2023 21:04:49 train_maxwellnet.py[line:140] INFO [Train] 41 epoch. Loss: 127.31000
Sun, 14 May 2023 21:05:03 train_maxwellnet.py[line:140] INFO [Train] 42 epoch. Loss: 121.26921
Sun, 14 May 2023 21:05:10 train_maxwellnet.py[line:140] INFO [Train] 43 epoch. Loss: 114.08687
Sun, 14 May 2023 21:05:17 train_maxwellnet.py[line:140] INFO [Train] 44 epoch. Loss: 106.50031
Sun, 14 May 2023 21:05:25 train_maxwellnet.py[line:140] INFO [Train] 45 epoch. Loss: 99.18028
Sun, 14 May 2023 21:05:32 train_maxwellnet.py[line:140] INFO [Train] 46 epoch. Loss: 92.52193
Sun, 14 May 2023 21:05:39 train_maxwellnet.py[line:140] INFO [Train] 47 epoch. Loss: 89.38226
Sun, 14 May 2023 21:05:52 train_maxwellnet.py[line:140] INFO [Train] 48 epoch. Loss: 87.07872
Sun, 14 May 2023 21:06:00 train_maxwellnet.py[line:140] INFO [Train] 49 epoch. Loss: 84.64905
Sun, 14 May 2023 21:06:07 train_maxwellnet.py[line:140] INFO [Train] 50 epoch. Loss: 82.13165
Sun, 14 May 2023 21:06:34 train_maxwellnet.py[line:140] INFO [Train] 51 epoch. Loss: 79.33256
Sun, 14 May 2023 21:06:41 train_maxwellnet.py[line:140] INFO [Train] 52 epoch. Loss: 76.23226
Sun, 14 May 2023 21:06:48 train_maxwellnet.py[line:140] INFO [Train] 53 epoch. Loss: 72.67860
Sun, 14 May 2023 21:06:55 train_maxwellnet.py[line:140] INFO [Train] 54 epoch. Loss: 68.67309
Sun, 14 May 2023 21:07:02 train_maxwellnet.py[line:140] INFO [Train] 55 epoch. Loss: 64.48911
Sun, 14 May 2023 21:07:09 train_maxwellnet.py[line:140] INFO [Train] 56 epoch. Loss: 60.35820
Sun, 14 May 2023 21:07:16 train_maxwellnet.py[line:140] INFO [Train] 57 epoch. Loss: 56.72025
Sun, 14 May 2023 21:07:23 train_maxwellnet.py[line:140] INFO [Train] 58 epoch. Loss: 53.86074
Sun, 14 May 2023 21:07:31 train_maxwellnet.py[line:140] INFO [Train] 59 epoch. Loss: 52.00325
Sun, 14 May 2023 21:07:38 train_maxwellnet.py[line:140] INFO [Train] 60 epoch. Loss: 50.56463
Sun, 14 May 2023 21:07:45 train_maxwellnet.py[line:140] INFO [Train] 61 epoch. Loss: 48.79808
Sun, 14 May 2023 21:07:52 train_maxwellnet.py[line:140] INFO [Train] 62 epoch. Loss: 46.45082
Sun, 14 May 2023 21:07:59 train_maxwellnet.py[line:140] INFO [Train] 63 epoch. Loss: 43.41625
Sun, 14 May 2023 21:08:13 train_maxwellnet.py[line:140] INFO [Train] 64 epoch. Loss: 40.55656
Sun, 14 May 2023 21:08:39 train_maxwellnet.py[line:140] INFO [Train] 65 epoch. Loss: 38.00128
Sun, 14 May 2023 21:08:46 train_maxwellnet.py[line:140] INFO [Train] 66 epoch. Loss: 36.19839
Sun, 14 May 2023 21:08:54 train_maxwellnet.py[line:140] INFO [Train] 67 epoch. Loss: 34.70713
Sun, 14 May 2023 21:09:01 train_maxwellnet.py[line:140] INFO [Train] 68 epoch. Loss: 33.40116
Sun, 14 May 2023 21:09:08 train_maxwellnet.py[line:140] INFO [Train] 69 epoch. Loss: 32.12037
Sun, 14 May 2023 21:09:15 train_maxwellnet.py[line:140] INFO [Train] 70 epoch. Loss: 30.71704
Sun, 14 May 2023 21:09:22 train_maxwellnet.py[line:140] INFO [Train] 71 epoch. Loss: 29.18291
Sun, 14 May 2023 21:09:29 train_maxwellnet.py[line:140] INFO [Train] 72 epoch. Loss: 27.79202
Sun, 14 May 2023 21:09:36 train_maxwellnet.py[line:140] INFO [Train] 73 epoch. Loss: 26.66709
Sun, 14 May 2023 21:09:44 train_maxwellnet.py[line:140] INFO [Train] 74 epoch. Loss: 26.03791
Sun, 14 May 2023 21:09:51 train_maxwellnet.py[line:140] INFO [Train] 75 epoch. Loss: 25.64654
Sun, 14 May 2023 21:10:05 train_maxwellnet.py[line:140] INFO [Train] 76 epoch. Loss: 25.20077
Sun, 14 May 2023 21:10:12 train_maxwellnet.py[line:140] INFO [Train] 77 epoch. Loss: 24.60002
Sun, 14 May 2023 21:10:19 train_maxwellnet.py[line:140] INFO [Train] 78 epoch. Loss: 23.90760
Sun, 14 May 2023 21:10:26 train_maxwellnet.py[line:140] INFO [Train] 79 epoch. Loss: 23.23945
Sun, 14 May 2023 21:10:33 train_maxwellnet.py[line:140] INFO [Train] 80 epoch. Loss: 22.73088
Sun, 14 May 2023 21:10:40 train_maxwellnet.py[line:140] INFO [Train] 81 epoch. Loss: 22.36097
Sun, 14 May 2023 21:11:16 train_maxwellnet.py[line:140] INFO [Train] 82 epoch. Loss: 21.98606
Sun, 14 May 2023 21:11:24 train_maxwellnet.py[line:140] INFO [Train] 83 epoch. Loss: 21.56249
Sun, 14 May 2023 21:11:31 train_maxwellnet.py[line:140] INFO [Train] 84 epoch. Loss: 21.11014
Sun, 14 May 2023 21:11:38 train_maxwellnet.py[line:140] INFO [Train] 85 epoch. Loss: 20.68445
Sun, 14 May 2023 21:11:45 train_maxwellnet.py[line:140] INFO [Train] 86 epoch. Loss: 20.38506
Sun, 14 May 2023 21:11:52 train_maxwellnet.py[line:140] INFO [Train] 87 epoch. Loss: 20.19827
Sun, 14 May 2023 21:12:00 train_maxwellnet.py[line:140] INFO [Train] 88 epoch. Loss: 20.13674
Sun, 14 May 2023 21:12:07 train_maxwellnet.py[line:140] INFO [Train] 89 epoch. Loss: 20.05049
Sun, 14 May 2023 21:12:14 train_maxwellnet.py[line:140] INFO [Train] 90 epoch. Loss: 19.93378
Sun, 14 May 2023 21:12:28 train_maxwellnet.py[line:140] INFO [Train] 91 epoch. Loss: 19.79815
Sun, 14 May 2023 21:12:35 train_maxwellnet.py[line:140] INFO [Train] 92 epoch. Loss: 19.71371
Sun, 14 May 2023 21:12:42 train_maxwellnet.py[line:140] INFO [Train] 93 epoch. Loss: 19.68038
Sun, 14 May 2023 21:12:49 train_maxwellnet.py[line:140] INFO [Train] 94 epoch. Loss: 19.63939
Sun, 14 May 2023 21:12:56 train_maxwellnet.py[line:140] INFO [Train] 95 epoch. Loss: 19.59504
Sun, 14 May 2023 21:13:03 train_maxwellnet.py[line:140] INFO [Train] 96 epoch. Loss: 19.50620
Sun, 14 May 2023 21:13:17 train_maxwellnet.py[line:140] INFO [Train] 97 epoch. Loss: 19.39804
Sun, 14 May 2023 21:13:24 train_maxwellnet.py[line:140] INFO [Train] 98 epoch. Loss: 19.34372
Sun, 14 May 2023 21:13:31 train_maxwellnet.py[line:140] INFO [Train] 99 epoch. Loss: 19.26162
