Wed, 17 May 2023 01:59:34 train_maxwellnet.py[line:37] INFO training examples/spheric_te
Wed, 17 May 2023 01:59:34 train_maxwellnet.py[line:55] INFO Experiment description: 
This experiment learns to solve the Maxwell's equations for a spheric lens data.
Wed, 17 May 2023 01:59:39 train_maxwellnet.py[line:63] DEBUG {'depth': 6, 'filter': 16, 'norm': 'weight', 'up_mode': 'upconv'}
Wed, 17 May 2023 01:59:39 train_maxwellnet.py[line:64] DEBUG {'wavelength': 1, 'dpl': 20, 'Nx': 160, 'Nz': 192, 'pml_thickness': 30, 'symmetry_x': True, 'mode': 'te', 'high_order': 'fourth'}
Wed, 17 May 2023 01:59:39 train_maxwellnet.py[line:98] INFO Train Dataset length: 1
Wed, 17 May 2023 01:59:39 train_maxwellnet.py[line:129] INFO Training start
Wed, 17 May 2023 01:59:47 train_maxwellnet.py[line:136] INFO [Train] 1 epoch. Loss: 397.63705
Wed, 17 May 2023 01:59:47 train_maxwellnet.py[line:136] INFO [Train] 2 epoch. Loss: 397.59851
Wed, 17 May 2023 01:59:47 train_maxwellnet.py[line:136] INFO [Train] 3 epoch. Loss: 397.55542
Wed, 17 May 2023 01:59:47 train_maxwellnet.py[line:136] INFO [Train] 4 epoch. Loss: 397.50470
Wed, 17 May 2023 01:59:47 train_maxwellnet.py[line:136] INFO [Train] 5 epoch. Loss: 397.44333
Wed, 17 May 2023 01:59:47 train_maxwellnet.py[line:136] INFO [Train] 6 epoch. Loss: 397.36743
Wed, 17 May 2023 01:59:47 train_maxwellnet.py[line:136] INFO [Train] 7 epoch. Loss: 397.27173
Wed, 17 May 2023 01:59:47 train_maxwellnet.py[line:136] INFO [Train] 8 epoch. Loss: 397.14865
Wed, 17 May 2023 01:59:47 train_maxwellnet.py[line:136] INFO [Train] 9 epoch. Loss: 396.98792
Wed, 17 May 2023 01:59:47 train_maxwellnet.py[line:136] INFO [Train] 10 epoch. Loss: 396.77502
Wed, 17 May 2023 01:59:47 train_maxwellnet.py[line:136] INFO [Train] 11 epoch. Loss: 396.49057
Wed, 17 May 2023 01:59:47 train_maxwellnet.py[line:136] INFO [Train] 12 epoch. Loss: 396.10852
Wed, 17 May 2023 01:59:47 train_maxwellnet.py[line:136] INFO [Train] 13 epoch. Loss: 395.59454
Wed, 17 May 2023 01:59:47 train_maxwellnet.py[line:136] INFO [Train] 14 epoch. Loss: 394.90509
Wed, 17 May 2023 01:59:47 train_maxwellnet.py[line:136] INFO [Train] 15 epoch. Loss: 393.98492
Wed, 17 May 2023 01:59:47 train_maxwellnet.py[line:136] INFO [Train] 16 epoch. Loss: 392.76700
Wed, 17 May 2023 01:59:47 train_maxwellnet.py[line:136] INFO [Train] 17 epoch. Loss: 391.17114
Wed, 17 May 2023 01:59:47 train_maxwellnet.py[line:136] INFO [Train] 18 epoch. Loss: 389.10373
Wed, 17 May 2023 01:59:47 train_maxwellnet.py[line:136] INFO [Train] 19 epoch. Loss: 386.46133
Wed, 17 May 2023 01:59:47 train_maxwellnet.py[line:136] INFO [Train] 20 epoch. Loss: 383.12567
Wed, 17 May 2023 01:59:48 train_maxwellnet.py[line:136] INFO [Train] 21 epoch. Loss: 378.97180
Wed, 17 May 2023 01:59:48 train_maxwellnet.py[line:136] INFO [Train] 22 epoch. Loss: 373.87827
Wed, 17 May 2023 01:59:48 train_maxwellnet.py[line:136] INFO [Train] 23 epoch. Loss: 367.70609
Wed, 17 May 2023 01:59:48 train_maxwellnet.py[line:136] INFO [Train] 24 epoch. Loss: 360.33258
Wed, 17 May 2023 01:59:48 train_maxwellnet.py[line:136] INFO [Train] 25 epoch. Loss: 351.64621
Wed, 17 May 2023 01:59:48 train_maxwellnet.py[line:136] INFO [Train] 26 epoch. Loss: 341.54257
Wed, 17 May 2023 01:59:48 train_maxwellnet.py[line:136] INFO [Train] 27 epoch. Loss: 329.94617
Wed, 17 May 2023 01:59:48 train_maxwellnet.py[line:136] INFO [Train] 28 epoch. Loss: 316.80090
Wed, 17 May 2023 01:59:48 train_maxwellnet.py[line:136] INFO [Train] 29 epoch. Loss: 302.11096
Wed, 17 May 2023 01:59:48 train_maxwellnet.py[line:136] INFO [Train] 30 epoch. Loss: 285.88211
Wed, 17 May 2023 01:59:48 train_maxwellnet.py[line:136] INFO [Train] 31 epoch. Loss: 268.20468
Wed, 17 May 2023 01:59:48 train_maxwellnet.py[line:136] INFO [Train] 32 epoch. Loss: 249.20145
Wed, 17 May 2023 01:59:48 train_maxwellnet.py[line:136] INFO [Train] 33 epoch. Loss: 229.04837
Wed, 17 May 2023 01:59:48 train_maxwellnet.py[line:136] INFO [Train] 34 epoch. Loss: 208.02249
Wed, 17 May 2023 01:59:48 train_maxwellnet.py[line:136] INFO [Train] 35 epoch. Loss: 186.35603
Wed, 17 May 2023 01:59:48 train_maxwellnet.py[line:136] INFO [Train] 36 epoch. Loss: 164.40318
Wed, 17 May 2023 01:59:48 train_maxwellnet.py[line:136] INFO [Train] 37 epoch. Loss: 142.56250
Wed, 17 May 2023 01:59:48 train_maxwellnet.py[line:136] INFO [Train] 38 epoch. Loss: 121.34086
Wed, 17 May 2023 01:59:48 train_maxwellnet.py[line:136] INFO [Train] 39 epoch. Loss: 101.27529
Wed, 17 May 2023 01:59:48 train_maxwellnet.py[line:136] INFO [Train] 40 epoch. Loss: 83.07028
Wed, 17 May 2023 01:59:48 train_maxwellnet.py[line:136] INFO [Train] 41 epoch. Loss: 67.47879
Wed, 17 May 2023 01:59:48 train_maxwellnet.py[line:136] INFO [Train] 42 epoch. Loss: 55.31837
Wed, 17 May 2023 01:59:48 train_maxwellnet.py[line:136] INFO [Train] 43 epoch. Loss: 47.47641
Wed, 17 May 2023 01:59:49 train_maxwellnet.py[line:136] INFO [Train] 44 epoch. Loss: 45.13338
Wed, 17 May 2023 01:59:49 train_maxwellnet.py[line:136] INFO [Train] 45 epoch. Loss: 48.00360
Wed, 17 May 2023 01:59:49 train_maxwellnet.py[line:136] INFO [Train] 46 epoch. Loss: 53.68906
Wed, 17 May 2023 01:59:49 train_maxwellnet.py[line:136] INFO [Train] 47 epoch. Loss: 60.11509
Wed, 17 May 2023 01:59:49 train_maxwellnet.py[line:136] INFO [Train] 48 epoch. Loss: 65.69271
Wed, 17 May 2023 01:59:49 train_maxwellnet.py[line:136] INFO [Train] 49 epoch. Loss: 69.44878
Wed, 17 May 2023 01:59:49 train_maxwellnet.py[line:136] INFO [Train] 50 epoch. Loss: 70.96382
Wed, 17 May 2023 01:59:49 train_maxwellnet.py[line:136] INFO [Train] 51 epoch. Loss: 70.23763
Wed, 17 May 2023 01:59:49 train_maxwellnet.py[line:136] INFO [Train] 52 epoch. Loss: 67.58470
Wed, 17 May 2023 01:59:49 train_maxwellnet.py[line:136] INFO [Train] 53 epoch. Loss: 63.53669
Wed, 17 May 2023 01:59:49 train_maxwellnet.py[line:136] INFO [Train] 54 epoch. Loss: 58.71867
Wed, 17 May 2023 01:59:49 train_maxwellnet.py[line:136] INFO [Train] 55 epoch. Loss: 53.76883
Wed, 17 May 2023 01:59:49 train_maxwellnet.py[line:136] INFO [Train] 56 epoch. Loss: 49.28441
Wed, 17 May 2023 01:59:49 train_maxwellnet.py[line:136] INFO [Train] 57 epoch. Loss: 45.75161
Wed, 17 May 2023 01:59:49 train_maxwellnet.py[line:136] INFO [Train] 58 epoch. Loss: 43.56861
Wed, 17 May 2023 01:59:49 train_maxwellnet.py[line:136] INFO [Train] 59 epoch. Loss: 42.99204
Wed, 17 May 2023 01:59:49 train_maxwellnet.py[line:136] INFO [Train] 60 epoch. Loss: 43.53576
Wed, 17 May 2023 01:59:49 train_maxwellnet.py[line:136] INFO [Train] 61 epoch. Loss: 44.30825
Wed, 17 May 2023 01:59:49 train_maxwellnet.py[line:136] INFO [Train] 62 epoch. Loss: 44.82084
Wed, 17 May 2023 01:59:50 train_maxwellnet.py[line:136] INFO [Train] 63 epoch. Loss: 44.85578
Wed, 17 May 2023 01:59:50 train_maxwellnet.py[line:136] INFO [Train] 64 epoch. Loss: 44.43218
Wed, 17 May 2023 01:59:50 train_maxwellnet.py[line:136] INFO [Train] 65 epoch. Loss: 43.67012
Wed, 17 May 2023 01:59:50 train_maxwellnet.py[line:136] INFO [Train] 66 epoch. Loss: 42.73689
Wed, 17 May 2023 01:59:50 train_maxwellnet.py[line:136] INFO [Train] 67 epoch. Loss: 41.93203
Wed, 17 May 2023 01:59:50 train_maxwellnet.py[line:136] INFO [Train] 68 epoch. Loss: 41.55627
Wed, 17 May 2023 01:59:50 train_maxwellnet.py[line:136] INFO [Train] 69 epoch. Loss: 41.60274
Wed, 17 May 2023 01:59:50 train_maxwellnet.py[line:136] INFO [Train] 70 epoch. Loss: 41.69374
Wed, 17 May 2023 01:59:50 train_maxwellnet.py[line:136] INFO [Train] 71 epoch. Loss: 41.59190
Wed, 17 May 2023 01:59:50 train_maxwellnet.py[line:136] INFO [Train] 72 epoch. Loss: 41.26122
Wed, 17 May 2023 01:59:50 train_maxwellnet.py[line:136] INFO [Train] 73 epoch. Loss: 40.80928
Wed, 17 May 2023 01:59:50 train_maxwellnet.py[line:136] INFO [Train] 74 epoch. Loss: 40.42899
Wed, 17 May 2023 01:59:50 train_maxwellnet.py[line:136] INFO [Train] 75 epoch. Loss: 40.28244
Wed, 17 May 2023 01:59:50 train_maxwellnet.py[line:136] INFO [Train] 76 epoch. Loss: 40.24623
Wed, 17 May 2023 01:59:50 train_maxwellnet.py[line:136] INFO [Train] 77 epoch. Loss: 40.08631
Wed, 17 May 2023 01:59:50 train_maxwellnet.py[line:136] INFO [Train] 78 epoch. Loss: 39.77090
Wed, 17 May 2023 01:59:50 train_maxwellnet.py[line:136] INFO [Train] 79 epoch. Loss: 39.40941
Wed, 17 May 2023 01:59:50 train_maxwellnet.py[line:136] INFO [Train] 80 epoch. Loss: 39.16256
Wed, 17 May 2023 01:59:50 train_maxwellnet.py[line:136] INFO [Train] 81 epoch. Loss: 39.03265
Wed, 17 May 2023 01:59:50 train_maxwellnet.py[line:136] INFO [Train] 82 epoch. Loss: 38.84440
Wed, 17 May 2023 01:59:50 train_maxwellnet.py[line:136] INFO [Train] 83 epoch. Loss: 38.54417
Wed, 17 May 2023 01:59:50 train_maxwellnet.py[line:136] INFO [Train] 84 epoch. Loss: 38.18609
Wed, 17 May 2023 01:59:50 train_maxwellnet.py[line:136] INFO [Train] 85 epoch. Loss: 37.88803
Wed, 17 May 2023 01:59:51 train_maxwellnet.py[line:136] INFO [Train] 86 epoch. Loss: 37.61636
Wed, 17 May 2023 01:59:51 train_maxwellnet.py[line:136] INFO [Train] 87 epoch. Loss: 37.26638
Wed, 17 May 2023 01:59:51 train_maxwellnet.py[line:136] INFO [Train] 88 epoch. Loss: 36.86625
Wed, 17 May 2023 01:59:51 train_maxwellnet.py[line:136] INFO [Train] 89 epoch. Loss: 36.47847
Wed, 17 May 2023 01:59:51 train_maxwellnet.py[line:136] INFO [Train] 90 epoch. Loss: 36.09288
Wed, 17 May 2023 01:59:51 train_maxwellnet.py[line:136] INFO [Train] 91 epoch. Loss: 35.66994
Wed, 17 May 2023 01:59:51 train_maxwellnet.py[line:136] INFO [Train] 92 epoch. Loss: 35.21465
Wed, 17 May 2023 01:59:51 train_maxwellnet.py[line:136] INFO [Train] 93 epoch. Loss: 34.78731
Wed, 17 May 2023 01:59:51 train_maxwellnet.py[line:136] INFO [Train] 94 epoch. Loss: 34.33239
Wed, 17 May 2023 01:59:51 train_maxwellnet.py[line:136] INFO [Train] 95 epoch. Loss: 33.82579
Wed, 17 May 2023 01:59:51 train_maxwellnet.py[line:136] INFO [Train] 96 epoch. Loss: 33.31540
Wed, 17 May 2023 01:59:51 train_maxwellnet.py[line:136] INFO [Train] 97 epoch. Loss: 32.81833
Wed, 17 May 2023 01:59:51 train_maxwellnet.py[line:136] INFO [Train] 98 epoch. Loss: 32.31371
Wed, 17 May 2023 01:59:51 train_maxwellnet.py[line:136] INFO [Train] 99 epoch. Loss: 31.81709
Wed, 17 May 2023 01:59:51 train_maxwellnet.py[line:136] INFO [Train] 100 epoch. Loss: 31.34043
Wed, 17 May 2023 01:59:51 train_maxwellnet.py[line:136] INFO [Train] 101 epoch. Loss: 30.85709
Wed, 17 May 2023 01:59:51 train_maxwellnet.py[line:136] INFO [Train] 102 epoch. Loss: 30.36790
Wed, 17 May 2023 01:59:51 train_maxwellnet.py[line:136] INFO [Train] 103 epoch. Loss: 29.91962
Wed, 17 May 2023 01:59:51 train_maxwellnet.py[line:136] INFO [Train] 104 epoch. Loss: 29.52386
Wed, 17 May 2023 01:59:51 train_maxwellnet.py[line:136] INFO [Train] 105 epoch. Loss: 29.17270
Wed, 17 May 2023 01:59:51 train_maxwellnet.py[line:136] INFO [Train] 106 epoch. Loss: 28.89096
Wed, 17 May 2023 01:59:51 train_maxwellnet.py[line:136] INFO [Train] 107 epoch. Loss: 28.66920
Wed, 17 May 2023 01:59:51 train_maxwellnet.py[line:136] INFO [Train] 108 epoch. Loss: 28.55247
Wed, 17 May 2023 01:59:52 train_maxwellnet.py[line:136] INFO [Train] 109 epoch. Loss: 28.49013
Wed, 17 May 2023 01:59:52 train_maxwellnet.py[line:136] INFO [Train] 110 epoch. Loss: 28.51892
Wed, 17 May 2023 01:59:52 train_maxwellnet.py[line:136] INFO [Train] 111 epoch. Loss: 28.57644
Wed, 17 May 2023 01:59:52 train_maxwellnet.py[line:136] INFO [Train] 112 epoch. Loss: 28.67146
Wed, 17 May 2023 01:59:52 train_maxwellnet.py[line:136] INFO [Train] 113 epoch. Loss: 28.74312
Wed, 17 May 2023 01:59:52 train_maxwellnet.py[line:136] INFO [Train] 114 epoch. Loss: 28.77721
Wed, 17 May 2023 01:59:52 train_maxwellnet.py[line:136] INFO [Train] 115 epoch. Loss: 28.76862
Wed, 17 May 2023 01:59:52 train_maxwellnet.py[line:136] INFO [Train] 116 epoch. Loss: 28.66891
Wed, 17 May 2023 01:59:52 train_maxwellnet.py[line:136] INFO [Train] 117 epoch. Loss: 28.53253
Wed, 17 May 2023 01:59:52 train_maxwellnet.py[line:136] INFO [Train] 118 epoch. Loss: 28.36305
Wed, 17 May 2023 01:59:52 train_maxwellnet.py[line:136] INFO [Train] 119 epoch. Loss: 28.17683
Wed, 17 May 2023 01:59:52 train_maxwellnet.py[line:136] INFO [Train] 120 epoch. Loss: 27.98683
Wed, 17 May 2023 01:59:52 train_maxwellnet.py[line:136] INFO [Train] 121 epoch. Loss: 27.80482
Wed, 17 May 2023 01:59:52 train_maxwellnet.py[line:136] INFO [Train] 122 epoch. Loss: 27.63087
Wed, 17 May 2023 01:59:52 train_maxwellnet.py[line:136] INFO [Train] 123 epoch. Loss: 27.48355
Wed, 17 May 2023 01:59:52 train_maxwellnet.py[line:136] INFO [Train] 124 epoch. Loss: 27.37238
Wed, 17 May 2023 01:59:52 train_maxwellnet.py[line:136] INFO [Train] 125 epoch. Loss: 27.29609
Wed, 17 May 2023 01:59:52 train_maxwellnet.py[line:136] INFO [Train] 126 epoch. Loss: 27.23367
Wed, 17 May 2023 01:59:52 train_maxwellnet.py[line:136] INFO [Train] 127 epoch. Loss: 27.19439
Wed, 17 May 2023 01:59:52 train_maxwellnet.py[line:136] INFO [Train] 128 epoch. Loss: 27.14434
Wed, 17 May 2023 01:59:52 train_maxwellnet.py[line:136] INFO [Train] 129 epoch. Loss: 27.09791
Wed, 17 May 2023 01:59:52 train_maxwellnet.py[line:136] INFO [Train] 130 epoch. Loss: 27.05403
Wed, 17 May 2023 01:59:53 train_maxwellnet.py[line:136] INFO [Train] 131 epoch. Loss: 26.99410
Wed, 17 May 2023 01:59:53 train_maxwellnet.py[line:136] INFO [Train] 132 epoch. Loss: 26.93132
Wed, 17 May 2023 01:59:53 train_maxwellnet.py[line:136] INFO [Train] 133 epoch. Loss: 26.86607
Wed, 17 May 2023 01:59:53 train_maxwellnet.py[line:136] INFO [Train] 134 epoch. Loss: 26.77207
Wed, 17 May 2023 01:59:53 train_maxwellnet.py[line:136] INFO [Train] 135 epoch. Loss: 26.69353
Wed, 17 May 2023 01:59:53 train_maxwellnet.py[line:136] INFO [Train] 136 epoch. Loss: 26.59519
Wed, 17 May 2023 01:59:53 train_maxwellnet.py[line:136] INFO [Train] 137 epoch. Loss: 26.50060
Wed, 17 May 2023 01:59:53 train_maxwellnet.py[line:136] INFO [Train] 138 epoch. Loss: 26.57580
Wed, 17 May 2023 01:59:53 train_maxwellnet.py[line:136] INFO [Train] 139 epoch. Loss: 26.58370
Wed, 17 May 2023 01:59:53 train_maxwellnet.py[line:136] INFO [Train] 140 epoch. Loss: 26.54053
Wed, 17 May 2023 01:59:53 train_maxwellnet.py[line:136] INFO [Train] 141 epoch. Loss: 26.28488
Wed, 17 May 2023 01:59:53 train_maxwellnet.py[line:136] INFO [Train] 142 epoch. Loss: 26.23891
Wed, 17 May 2023 01:59:53 train_maxwellnet.py[line:136] INFO [Train] 143 epoch. Loss: 26.24749
Wed, 17 May 2023 01:59:53 train_maxwellnet.py[line:136] INFO [Train] 144 epoch. Loss: 26.24726
Wed, 17 May 2023 01:59:53 train_maxwellnet.py[line:136] INFO [Train] 145 epoch. Loss: 26.23722
Wed, 17 May 2023 01:59:53 train_maxwellnet.py[line:136] INFO [Train] 146 epoch. Loss: 26.22969
Wed, 17 May 2023 01:59:53 train_maxwellnet.py[line:136] INFO [Train] 147 epoch. Loss: 26.20608
Wed, 17 May 2023 01:59:53 train_maxwellnet.py[line:136] INFO [Train] 148 epoch. Loss: 26.19063
Wed, 17 May 2023 01:59:53 train_maxwellnet.py[line:136] INFO [Train] 149 epoch. Loss: 26.14723
Wed, 17 May 2023 01:59:53 train_maxwellnet.py[line:136] INFO [Train] 150 epoch. Loss: 26.13670
Wed, 17 May 2023 01:59:53 train_maxwellnet.py[line:136] INFO [Train] 151 epoch. Loss: 26.11699
Wed, 17 May 2023 01:59:53 train_maxwellnet.py[line:136] INFO [Train] 152 epoch. Loss: 26.05307
Wed, 17 May 2023 01:59:53 train_maxwellnet.py[line:136] INFO [Train] 153 epoch. Loss: 26.07727
Wed, 17 May 2023 01:59:54 train_maxwellnet.py[line:136] INFO [Train] 154 epoch. Loss: 26.08002
Wed, 17 May 2023 01:59:54 train_maxwellnet.py[line:136] INFO [Train] 155 epoch. Loss: 25.99941
Wed, 17 May 2023 01:59:54 train_maxwellnet.py[line:136] INFO [Train] 156 epoch. Loss: 25.96614
Wed, 17 May 2023 01:59:54 train_maxwellnet.py[line:136] INFO [Train] 157 epoch. Loss: 25.96856
Wed, 17 May 2023 01:59:54 train_maxwellnet.py[line:136] INFO [Train] 158 epoch. Loss: 25.92298
Wed, 17 May 2023 01:59:54 train_maxwellnet.py[line:136] INFO [Train] 159 epoch. Loss: 25.89890
Wed, 17 May 2023 01:59:54 train_maxwellnet.py[line:136] INFO [Train] 160 epoch. Loss: 25.88459
Wed, 17 May 2023 01:59:54 train_maxwellnet.py[line:136] INFO [Train] 161 epoch. Loss: 25.84270
Wed, 17 May 2023 01:59:54 train_maxwellnet.py[line:136] INFO [Train] 162 epoch. Loss: 25.82214
Wed, 17 May 2023 01:59:54 train_maxwellnet.py[line:136] INFO [Train] 163 epoch. Loss: 25.78742
Wed, 17 May 2023 01:59:54 train_maxwellnet.py[line:136] INFO [Train] 164 epoch. Loss: 25.75116
Wed, 17 May 2023 01:59:54 train_maxwellnet.py[line:136] INFO [Train] 165 epoch. Loss: 25.71763
Wed, 17 May 2023 01:59:54 train_maxwellnet.py[line:136] INFO [Train] 166 epoch. Loss: 25.67574
Wed, 17 May 2023 01:59:54 train_maxwellnet.py[line:136] INFO [Train] 167 epoch. Loss: 25.61024
Wed, 17 May 2023 01:59:54 train_maxwellnet.py[line:136] INFO [Train] 168 epoch. Loss: 25.56405
Wed, 17 May 2023 01:59:54 train_maxwellnet.py[line:136] INFO [Train] 169 epoch. Loss: 25.48047
Wed, 17 May 2023 01:59:54 train_maxwellnet.py[line:136] INFO [Train] 170 epoch. Loss: 25.39064
Wed, 17 May 2023 01:59:54 train_maxwellnet.py[line:136] INFO [Train] 171 epoch. Loss: 25.29370
Wed, 17 May 2023 01:59:54 train_maxwellnet.py[line:136] INFO [Train] 172 epoch. Loss: 25.16960
Wed, 17 May 2023 01:59:54 train_maxwellnet.py[line:136] INFO [Train] 173 epoch. Loss: 25.00843
Wed, 17 May 2023 01:59:54 train_maxwellnet.py[line:136] INFO [Train] 174 epoch. Loss: 24.79602
Wed, 17 May 2023 01:59:55 train_maxwellnet.py[line:136] INFO [Train] 175 epoch. Loss: 24.50339
Wed, 17 May 2023 01:59:55 train_maxwellnet.py[line:136] INFO [Train] 176 epoch. Loss: 24.09273
Wed, 17 May 2023 01:59:55 train_maxwellnet.py[line:136] INFO [Train] 177 epoch. Loss: 23.54618
Wed, 17 May 2023 01:59:55 train_maxwellnet.py[line:136] INFO [Train] 178 epoch. Loss: 22.85540
Wed, 17 May 2023 01:59:55 train_maxwellnet.py[line:136] INFO [Train] 179 epoch. Loss: 22.06861
Wed, 17 May 2023 01:59:55 train_maxwellnet.py[line:136] INFO [Train] 180 epoch. Loss: 21.28838
Wed, 17 May 2023 01:59:55 train_maxwellnet.py[line:136] INFO [Train] 181 epoch. Loss: 20.61629
Wed, 17 May 2023 01:59:55 train_maxwellnet.py[line:136] INFO [Train] 182 epoch. Loss: 20.02787
Wed, 17 May 2023 01:59:55 train_maxwellnet.py[line:136] INFO [Train] 183 epoch. Loss: 19.52824
Wed, 17 May 2023 01:59:55 train_maxwellnet.py[line:136] INFO [Train] 184 epoch. Loss: 19.16025
Wed, 17 May 2023 01:59:55 train_maxwellnet.py[line:136] INFO [Train] 185 epoch. Loss: 18.70617
Wed, 17 May 2023 01:59:55 train_maxwellnet.py[line:136] INFO [Train] 186 epoch. Loss: 18.18905
Wed, 17 May 2023 01:59:55 train_maxwellnet.py[line:136] INFO [Train] 187 epoch. Loss: 17.57212
Wed, 17 May 2023 01:59:55 train_maxwellnet.py[line:136] INFO [Train] 188 epoch. Loss: 16.97353
Wed, 17 May 2023 01:59:55 train_maxwellnet.py[line:136] INFO [Train] 189 epoch. Loss: 16.43500
Wed, 17 May 2023 01:59:55 train_maxwellnet.py[line:136] INFO [Train] 190 epoch. Loss: 15.97681
Wed, 17 May 2023 01:59:55 train_maxwellnet.py[line:136] INFO [Train] 191 epoch. Loss: 15.86324
Wed, 17 May 2023 01:59:55 train_maxwellnet.py[line:136] INFO [Train] 192 epoch. Loss: 15.82075
Wed, 17 May 2023 01:59:55 train_maxwellnet.py[line:136] INFO [Train] 193 epoch. Loss: 15.72907
Wed, 17 May 2023 01:59:55 train_maxwellnet.py[line:136] INFO [Train] 194 epoch. Loss: 15.54839
Wed, 17 May 2023 01:59:55 train_maxwellnet.py[line:136] INFO [Train] 195 epoch. Loss: 15.15821
Wed, 17 May 2023 01:59:55 train_maxwellnet.py[line:136] INFO [Train] 196 epoch. Loss: 14.70777
Wed, 17 May 2023 01:59:55 train_maxwellnet.py[line:136] INFO [Train] 197 epoch. Loss: 14.41308
Wed, 17 May 2023 01:59:55 train_maxwellnet.py[line:136] INFO [Train] 198 epoch. Loss: 14.21545
Wed, 17 May 2023 01:59:56 train_maxwellnet.py[line:136] INFO [Train] 199 epoch. Loss: 14.05096
Wed, 17 May 2023 01:59:56 train_maxwellnet.py[line:136] INFO [Train] 200 epoch. Loss: 13.87812
Wed, 17 May 2023 01:59:56 train_maxwellnet.py[line:152] INFO 'latest' checkpoint saved at 200 epoch.
Wed, 17 May 2023 01:59:56 train_maxwellnet.py[line:136] INFO [Train] 201 epoch. Loss: 13.63525
Wed, 17 May 2023 01:59:56 train_maxwellnet.py[line:136] INFO [Train] 202 epoch. Loss: 13.57837
Wed, 17 May 2023 01:59:56 train_maxwellnet.py[line:136] INFO [Train] 203 epoch. Loss: 13.52903
Wed, 17 May 2023 01:59:56 train_maxwellnet.py[line:136] INFO [Train] 204 epoch. Loss: 13.42271
Wed, 17 May 2023 01:59:56 train_maxwellnet.py[line:136] INFO [Train] 205 epoch. Loss: 13.32502
Wed, 17 May 2023 01:59:56 train_maxwellnet.py[line:136] INFO [Train] 206 epoch. Loss: 13.22386
Wed, 17 May 2023 01:59:56 train_maxwellnet.py[line:136] INFO [Train] 207 epoch. Loss: 13.25993
Wed, 17 May 2023 01:59:56 train_maxwellnet.py[line:136] INFO [Train] 208 epoch. Loss: 13.24744
Wed, 17 May 2023 01:59:56 train_maxwellnet.py[line:136] INFO [Train] 209 epoch. Loss: 13.14286
Wed, 17 May 2023 01:59:56 train_maxwellnet.py[line:136] INFO [Train] 210 epoch. Loss: 13.04773
Wed, 17 May 2023 01:59:56 train_maxwellnet.py[line:136] INFO [Train] 211 epoch. Loss: 12.90146
Wed, 17 May 2023 01:59:56 train_maxwellnet.py[line:136] INFO [Train] 212 epoch. Loss: 12.91715
Wed, 17 May 2023 01:59:56 train_maxwellnet.py[line:136] INFO [Train] 213 epoch. Loss: 12.91072
Wed, 17 May 2023 01:59:56 train_maxwellnet.py[line:136] INFO [Train] 214 epoch. Loss: 12.82561
Wed, 17 May 2023 01:59:56 train_maxwellnet.py[line:136] INFO [Train] 215 epoch. Loss: 12.78846
