Wed, 17 May 2023 02:00:48 train_maxwellnet.py[line:37] INFO training examples/spheric_tm
Wed, 17 May 2023 02:00:48 train_maxwellnet.py[line:55] INFO Experiment description: 
This experiment learns to solve the Maxwell's equations for a spheric lens data.
Wed, 17 May 2023 02:00:54 train_maxwellnet.py[line:63] DEBUG {'depth': 6, 'filter': 32, 'norm': 'weight', 'up_mode': 'upconv'}
Wed, 17 May 2023 02:00:54 train_maxwellnet.py[line:64] DEBUG {'wavelength': 1, 'dpl': 20, 'Nx': 160, 'Nz': 192, 'pml_thickness': 30, 'symmetry_x': True, 'mode': 'tm', 'high_order': 'fourth'}
Wed, 17 May 2023 02:00:55 train_maxwellnet.py[line:98] INFO Train Dataset length: 1
Wed, 17 May 2023 02:00:55 train_maxwellnet.py[line:129] INFO Training start
Wed, 17 May 2023 02:01:06 train_maxwellnet.py[line:136] INFO [Train] 1 epoch. Loss: 197.15092
Wed, 17 May 2023 02:01:06 train_maxwellnet.py[line:136] INFO [Train] 2 epoch. Loss: 197.10776
Wed, 17 May 2023 02:01:06 train_maxwellnet.py[line:136] INFO [Train] 3 epoch. Loss: 197.04926
Wed, 17 May 2023 02:01:06 train_maxwellnet.py[line:136] INFO [Train] 4 epoch. Loss: 196.95642
Wed, 17 May 2023 02:01:06 train_maxwellnet.py[line:136] INFO [Train] 5 epoch. Loss: 196.80019
Wed, 17 May 2023 02:01:06 train_maxwellnet.py[line:136] INFO [Train] 6 epoch. Loss: 196.53334
Wed, 17 May 2023 02:01:06 train_maxwellnet.py[line:136] INFO [Train] 7 epoch. Loss: 196.08087
Wed, 17 May 2023 02:01:06 train_maxwellnet.py[line:136] INFO [Train] 8 epoch. Loss: 195.32713
Wed, 17 May 2023 02:01:07 train_maxwellnet.py[line:136] INFO [Train] 9 epoch. Loss: 194.10487
Wed, 17 May 2023 02:01:07 train_maxwellnet.py[line:136] INFO [Train] 10 epoch. Loss: 192.18929
Wed, 17 May 2023 02:01:07 train_maxwellnet.py[line:136] INFO [Train] 11 epoch. Loss: 189.29716
Wed, 17 May 2023 02:01:07 train_maxwellnet.py[line:136] INFO [Train] 12 epoch. Loss: 185.09401
Wed, 17 May 2023 02:01:07 train_maxwellnet.py[line:136] INFO [Train] 13 epoch. Loss: 179.21436
Wed, 17 May 2023 02:01:07 train_maxwellnet.py[line:136] INFO [Train] 14 epoch. Loss: 171.29988
Wed, 17 May 2023 02:01:07 train_maxwellnet.py[line:136] INFO [Train] 15 epoch. Loss: 161.04187
Wed, 17 May 2023 02:01:07 train_maxwellnet.py[line:136] INFO [Train] 16 epoch. Loss: 148.20610
Wed, 17 May 2023 02:01:07 train_maxwellnet.py[line:136] INFO [Train] 17 epoch. Loss: 132.73114
Wed, 17 May 2023 02:01:07 train_maxwellnet.py[line:136] INFO [Train] 18 epoch. Loss: 114.86073
Wed, 17 May 2023 02:01:07 train_maxwellnet.py[line:136] INFO [Train] 19 epoch. Loss: 95.20582
Wed, 17 May 2023 02:01:07 train_maxwellnet.py[line:136] INFO [Train] 20 epoch. Loss: 74.64743
Wed, 17 May 2023 02:01:07 train_maxwellnet.py[line:136] INFO [Train] 21 epoch. Loss: 54.62683
Wed, 17 May 2023 02:01:07 train_maxwellnet.py[line:136] INFO [Train] 22 epoch. Loss: 37.04820
Wed, 17 May 2023 02:01:07 train_maxwellnet.py[line:136] INFO [Train] 23 epoch. Loss: 25.15178
Wed, 17 May 2023 02:01:07 train_maxwellnet.py[line:136] INFO [Train] 24 epoch. Loss: 23.18425
Wed, 17 May 2023 02:01:07 train_maxwellnet.py[line:136] INFO [Train] 25 epoch. Loss: 32.11944
Wed, 17 May 2023 02:01:07 train_maxwellnet.py[line:136] INFO [Train] 26 epoch. Loss: 48.59311
Wed, 17 May 2023 02:01:07 train_maxwellnet.py[line:136] INFO [Train] 27 epoch. Loss: 67.64409
Wed, 17 May 2023 02:01:08 train_maxwellnet.py[line:136] INFO [Train] 28 epoch. Loss: 84.50369
Wed, 17 May 2023 02:01:08 train_maxwellnet.py[line:136] INFO [Train] 29 epoch. Loss: 95.82341
Wed, 17 May 2023 02:01:08 train_maxwellnet.py[line:136] INFO [Train] 30 epoch. Loss: 100.15267
Wed, 17 May 2023 02:01:08 train_maxwellnet.py[line:136] INFO [Train] 31 epoch. Loss: 97.72067
Wed, 17 May 2023 02:01:08 train_maxwellnet.py[line:136] INFO [Train] 32 epoch. Loss: 89.82019
Wed, 17 May 2023 02:01:08 train_maxwellnet.py[line:136] INFO [Train] 33 epoch. Loss: 78.17888
Wed, 17 May 2023 02:01:08 train_maxwellnet.py[line:136] INFO [Train] 34 epoch. Loss: 64.60720
Wed, 17 May 2023 02:01:08 train_maxwellnet.py[line:136] INFO [Train] 35 epoch. Loss: 50.89640
Wed, 17 May 2023 02:01:08 train_maxwellnet.py[line:136] INFO [Train] 36 epoch. Loss: 38.70598
Wed, 17 May 2023 02:01:08 train_maxwellnet.py[line:136] INFO [Train] 37 epoch. Loss: 29.31561
Wed, 17 May 2023 02:01:08 train_maxwellnet.py[line:136] INFO [Train] 38 epoch. Loss: 23.36410
Wed, 17 May 2023 02:01:08 train_maxwellnet.py[line:136] INFO [Train] 39 epoch. Loss: 20.88240
Wed, 17 May 2023 02:01:08 train_maxwellnet.py[line:136] INFO [Train] 40 epoch. Loss: 21.74019
Wed, 17 May 2023 02:01:08 train_maxwellnet.py[line:136] INFO [Train] 41 epoch. Loss: 24.08267
Wed, 17 May 2023 02:01:08 train_maxwellnet.py[line:136] INFO [Train] 42 epoch. Loss: 26.24141
Wed, 17 May 2023 02:01:08 train_maxwellnet.py[line:136] INFO [Train] 43 epoch. Loss: 27.62770
Wed, 17 May 2023 02:01:08 train_maxwellnet.py[line:136] INFO [Train] 44 epoch. Loss: 28.04821
Wed, 17 May 2023 02:01:08 train_maxwellnet.py[line:136] INFO [Train] 45 epoch. Loss: 27.48650
Wed, 17 May 2023 02:01:08 train_maxwellnet.py[line:136] INFO [Train] 46 epoch. Loss: 26.06149
Wed, 17 May 2023 02:01:08 train_maxwellnet.py[line:136] INFO [Train] 47 epoch. Loss: 24.05166
Wed, 17 May 2023 02:01:09 train_maxwellnet.py[line:136] INFO [Train] 48 epoch. Loss: 21.90834
Wed, 17 May 2023 02:01:09 train_maxwellnet.py[line:136] INFO [Train] 49 epoch. Loss: 20.19694
Wed, 17 May 2023 02:01:09 train_maxwellnet.py[line:136] INFO [Train] 50 epoch. Loss: 19.47503
Wed, 17 May 2023 02:01:09 train_maxwellnet.py[line:136] INFO [Train] 51 epoch. Loss: 20.11056
Wed, 17 May 2023 02:01:09 train_maxwellnet.py[line:136] INFO [Train] 52 epoch. Loss: 21.22979
Wed, 17 May 2023 02:01:09 train_maxwellnet.py[line:136] INFO [Train] 53 epoch. Loss: 21.92687
Wed, 17 May 2023 02:01:09 train_maxwellnet.py[line:136] INFO [Train] 54 epoch. Loss: 21.95103
Wed, 17 May 2023 02:01:09 train_maxwellnet.py[line:136] INFO [Train] 55 epoch. Loss: 21.30813
Wed, 17 May 2023 02:01:09 train_maxwellnet.py[line:136] INFO [Train] 56 epoch. Loss: 20.17601
Wed, 17 May 2023 02:01:09 train_maxwellnet.py[line:136] INFO [Train] 57 epoch. Loss: 18.98627
Wed, 17 May 2023 02:01:09 train_maxwellnet.py[line:136] INFO [Train] 58 epoch. Loss: 18.31272
Wed, 17 May 2023 02:01:09 train_maxwellnet.py[line:136] INFO [Train] 59 epoch. Loss: 18.38408
Wed, 17 May 2023 02:01:09 train_maxwellnet.py[line:136] INFO [Train] 60 epoch. Loss: 18.69498
Wed, 17 May 2023 02:01:09 train_maxwellnet.py[line:136] INFO [Train] 61 epoch. Loss: 18.80695
Wed, 17 May 2023 02:01:09 train_maxwellnet.py[line:136] INFO [Train] 62 epoch. Loss: 18.54289
Wed, 17 May 2023 02:01:09 train_maxwellnet.py[line:136] INFO [Train] 63 epoch. Loss: 17.98080
Wed, 17 May 2023 02:01:09 train_maxwellnet.py[line:136] INFO [Train] 64 epoch. Loss: 17.43522
Wed, 17 May 2023 02:01:09 train_maxwellnet.py[line:136] INFO [Train] 65 epoch. Loss: 17.20351
Wed, 17 May 2023 02:01:09 train_maxwellnet.py[line:136] INFO [Train] 66 epoch. Loss: 17.23161
Wed, 17 May 2023 02:01:10 train_maxwellnet.py[line:136] INFO [Train] 67 epoch. Loss: 17.12075
Wed, 17 May 2023 02:01:10 train_maxwellnet.py[line:136] INFO [Train] 68 epoch. Loss: 16.82080
Wed, 17 May 2023 02:01:10 train_maxwellnet.py[line:136] INFO [Train] 69 epoch. Loss: 16.44728
Wed, 17 May 2023 02:01:10 train_maxwellnet.py[line:136] INFO [Train] 70 epoch. Loss: 16.27595
Wed, 17 May 2023 02:01:10 train_maxwellnet.py[line:136] INFO [Train] 71 epoch. Loss: 16.21714
Wed, 17 May 2023 02:01:10 train_maxwellnet.py[line:136] INFO [Train] 72 epoch. Loss: 16.04954
Wed, 17 May 2023 02:01:10 train_maxwellnet.py[line:136] INFO [Train] 73 epoch. Loss: 15.71992
Wed, 17 May 2023 02:01:10 train_maxwellnet.py[line:136] INFO [Train] 74 epoch. Loss: 15.42883
Wed, 17 May 2023 02:01:10 train_maxwellnet.py[line:136] INFO [Train] 75 epoch. Loss: 15.29066
Wed, 17 May 2023 02:01:10 train_maxwellnet.py[line:136] INFO [Train] 76 epoch. Loss: 15.16929
Wed, 17 May 2023 02:01:10 train_maxwellnet.py[line:136] INFO [Train] 77 epoch. Loss: 14.91065
Wed, 17 May 2023 02:01:10 train_maxwellnet.py[line:136] INFO [Train] 78 epoch. Loss: 14.62456
Wed, 17 May 2023 02:01:10 train_maxwellnet.py[line:136] INFO [Train] 79 epoch. Loss: 14.40399
Wed, 17 May 2023 02:01:10 train_maxwellnet.py[line:136] INFO [Train] 80 epoch. Loss: 14.26364
Wed, 17 May 2023 02:01:10 train_maxwellnet.py[line:136] INFO [Train] 81 epoch. Loss: 14.03425
Wed, 17 May 2023 02:01:10 train_maxwellnet.py[line:136] INFO [Train] 82 epoch. Loss: 13.79561
Wed, 17 May 2023 02:01:10 train_maxwellnet.py[line:136] INFO [Train] 83 epoch. Loss: 13.59055
Wed, 17 May 2023 02:01:10 train_maxwellnet.py[line:136] INFO [Train] 84 epoch. Loss: 13.40968
Wed, 17 May 2023 02:01:11 train_maxwellnet.py[line:136] INFO [Train] 85 epoch. Loss: 13.25957
Wed, 17 May 2023 02:01:11 train_maxwellnet.py[line:136] INFO [Train] 86 epoch. Loss: 13.07736
Wed, 17 May 2023 02:01:11 train_maxwellnet.py[line:136] INFO [Train] 87 epoch. Loss: 12.92288
Wed, 17 May 2023 02:01:11 train_maxwellnet.py[line:136] INFO [Train] 88 epoch. Loss: 12.89637
Wed, 17 May 2023 02:01:11 train_maxwellnet.py[line:136] INFO [Train] 89 epoch. Loss: 12.76982
Wed, 17 May 2023 02:01:11 train_maxwellnet.py[line:136] INFO [Train] 90 epoch. Loss: 12.65921
Wed, 17 May 2023 02:01:11 train_maxwellnet.py[line:136] INFO [Train] 91 epoch. Loss: 12.61874
Wed, 17 May 2023 02:01:11 train_maxwellnet.py[line:136] INFO [Train] 92 epoch. Loss: 12.57076
Wed, 17 May 2023 02:01:11 train_maxwellnet.py[line:136] INFO [Train] 93 epoch. Loss: 12.58144
Wed, 17 May 2023 02:01:11 train_maxwellnet.py[line:136] INFO [Train] 94 epoch. Loss: 12.59716
Wed, 17 May 2023 02:01:11 train_maxwellnet.py[line:136] INFO [Train] 95 epoch. Loss: 12.59934
Wed, 17 May 2023 02:01:11 train_maxwellnet.py[line:136] INFO [Train] 96 epoch. Loss: 12.65291
Wed, 17 May 2023 02:01:11 train_maxwellnet.py[line:136] INFO [Train] 97 epoch. Loss: 12.65977
Wed, 17 May 2023 02:01:11 train_maxwellnet.py[line:136] INFO [Train] 98 epoch. Loss: 12.66232
Wed, 17 May 2023 02:01:11 train_maxwellnet.py[line:136] INFO [Train] 99 epoch. Loss: 12.65615
Wed, 17 May 2023 02:01:11 train_maxwellnet.py[line:136] INFO [Train] 100 epoch. Loss: 12.63194
Wed, 17 May 2023 02:01:11 train_maxwellnet.py[line:136] INFO [Train] 101 epoch. Loss: 12.60652
Wed, 17 May 2023 02:01:11 train_maxwellnet.py[line:136] INFO [Train] 102 epoch. Loss: 12.58581
Wed, 17 May 2023 02:01:12 train_maxwellnet.py[line:136] INFO [Train] 103 epoch. Loss: 12.53075
Wed, 17 May 2023 02:01:12 train_maxwellnet.py[line:136] INFO [Train] 104 epoch. Loss: 12.51578
Wed, 17 May 2023 02:01:12 train_maxwellnet.py[line:136] INFO [Train] 105 epoch. Loss: 12.48009
Wed, 17 May 2023 02:01:12 train_maxwellnet.py[line:136] INFO [Train] 106 epoch. Loss: 12.41121
Wed, 17 May 2023 02:01:12 train_maxwellnet.py[line:136] INFO [Train] 107 epoch. Loss: 12.37675
Wed, 17 May 2023 02:01:12 train_maxwellnet.py[line:136] INFO [Train] 108 epoch. Loss: 12.38448
Wed, 17 May 2023 02:01:12 train_maxwellnet.py[line:136] INFO [Train] 109 epoch. Loss: 12.35074
Wed, 17 May 2023 02:01:12 train_maxwellnet.py[line:136] INFO [Train] 110 epoch. Loss: 12.32779
Wed, 17 May 2023 02:01:12 train_maxwellnet.py[line:136] INFO [Train] 111 epoch. Loss: 12.31258
Wed, 17 May 2023 02:01:12 train_maxwellnet.py[line:136] INFO [Train] 112 epoch. Loss: 12.30367
Wed, 17 May 2023 02:01:12 train_maxwellnet.py[line:136] INFO [Train] 113 epoch. Loss: 12.28894
Wed, 17 May 2023 02:01:12 train_maxwellnet.py[line:136] INFO [Train] 114 epoch. Loss: 12.30238
Wed, 17 May 2023 02:01:12 train_maxwellnet.py[line:136] INFO [Train] 115 epoch. Loss: 12.29231
Wed, 17 May 2023 02:01:12 train_maxwellnet.py[line:136] INFO [Train] 116 epoch. Loss: 12.27204
Wed, 17 May 2023 02:01:12 train_maxwellnet.py[line:136] INFO [Train] 117 epoch. Loss: 12.25847
Wed, 17 May 2023 02:01:12 train_maxwellnet.py[line:136] INFO [Train] 118 epoch. Loss: 12.26840
Wed, 17 May 2023 02:01:12 train_maxwellnet.py[line:136] INFO [Train] 119 epoch. Loss: 12.25201
Wed, 17 May 2023 02:01:12 train_maxwellnet.py[line:136] INFO [Train] 120 epoch. Loss: 12.23774
Wed, 17 May 2023 02:01:13 train_maxwellnet.py[line:136] INFO [Train] 121 epoch. Loss: 12.21977
Wed, 17 May 2023 02:01:13 train_maxwellnet.py[line:136] INFO [Train] 122 epoch. Loss: 12.21222
Wed, 17 May 2023 02:01:13 train_maxwellnet.py[line:136] INFO [Train] 123 epoch. Loss: 12.19297
Wed, 17 May 2023 02:01:13 train_maxwellnet.py[line:136] INFO [Train] 124 epoch. Loss: 12.18418
Wed, 17 May 2023 02:01:13 train_maxwellnet.py[line:136] INFO [Train] 125 epoch. Loss: 12.16547
Wed, 17 May 2023 02:01:13 train_maxwellnet.py[line:136] INFO [Train] 126 epoch. Loss: 12.15325
Wed, 17 May 2023 02:01:13 train_maxwellnet.py[line:136] INFO [Train] 127 epoch. Loss: 12.13487
Wed, 17 May 2023 02:01:13 train_maxwellnet.py[line:136] INFO [Train] 128 epoch. Loss: 12.12520
Wed, 17 May 2023 02:01:13 train_maxwellnet.py[line:136] INFO [Train] 129 epoch. Loss: 12.10884
Wed, 17 May 2023 02:01:13 train_maxwellnet.py[line:136] INFO [Train] 130 epoch. Loss: 12.10206
Wed, 17 May 2023 02:01:13 train_maxwellnet.py[line:136] INFO [Train] 131 epoch. Loss: 12.08553
Wed, 17 May 2023 02:01:13 train_maxwellnet.py[line:136] INFO [Train] 132 epoch. Loss: 12.07865
Wed, 17 May 2023 02:01:13 train_maxwellnet.py[line:136] INFO [Train] 133 epoch. Loss: 12.06531
Wed, 17 May 2023 02:01:13 train_maxwellnet.py[line:136] INFO [Train] 134 epoch. Loss: 12.05651
Wed, 17 May 2023 02:01:13 train_maxwellnet.py[line:136] INFO [Train] 135 epoch. Loss: 12.04339
Wed, 17 May 2023 02:01:13 train_maxwellnet.py[line:136] INFO [Train] 136 epoch. Loss: 12.03891
Wed, 17 May 2023 02:01:13 train_maxwellnet.py[line:136] INFO [Train] 137 epoch. Loss: 12.02493
Wed, 17 May 2023 02:01:13 train_maxwellnet.py[line:136] INFO [Train] 138 epoch. Loss: 12.01813
Wed, 17 May 2023 02:01:13 train_maxwellnet.py[line:136] INFO [Train] 139 epoch. Loss: 12.00534
Wed, 17 May 2023 02:01:14 train_maxwellnet.py[line:136] INFO [Train] 140 epoch. Loss: 11.99769
Wed, 17 May 2023 02:01:14 train_maxwellnet.py[line:136] INFO [Train] 141 epoch. Loss: 11.98346
Wed, 17 May 2023 02:01:14 train_maxwellnet.py[line:136] INFO [Train] 142 epoch. Loss: 11.97963
Wed, 17 May 2023 02:01:14 train_maxwellnet.py[line:136] INFO [Train] 143 epoch. Loss: 11.96619
Wed, 17 May 2023 02:01:14 train_maxwellnet.py[line:136] INFO [Train] 144 epoch. Loss: 11.95455
Wed, 17 May 2023 02:01:14 train_maxwellnet.py[line:136] INFO [Train] 145 epoch. Loss: 11.94129
Wed, 17 May 2023 02:01:14 train_maxwellnet.py[line:136] INFO [Train] 146 epoch. Loss: 11.93939
Wed, 17 May 2023 02:01:14 train_maxwellnet.py[line:136] INFO [Train] 147 epoch. Loss: 11.92616
Wed, 17 May 2023 02:01:14 train_maxwellnet.py[line:136] INFO [Train] 148 epoch. Loss: 11.91329
Wed, 17 May 2023 02:01:14 train_maxwellnet.py[line:136] INFO [Train] 149 epoch. Loss: 11.90110
Wed, 17 May 2023 02:01:14 train_maxwellnet.py[line:136] INFO [Train] 150 epoch. Loss: 11.89980
Wed, 17 May 2023 02:01:14 train_maxwellnet.py[line:136] INFO [Train] 151 epoch. Loss: 11.88654
Wed, 17 May 2023 02:01:14 train_maxwellnet.py[line:136] INFO [Train] 152 epoch. Loss: 11.87766
Wed, 17 May 2023 02:01:14 train_maxwellnet.py[line:136] INFO [Train] 153 epoch. Loss: 11.86608
Wed, 17 May 2023 02:01:14 train_maxwellnet.py[line:136] INFO [Train] 154 epoch. Loss: 11.86128
Wed, 17 May 2023 02:01:14 train_maxwellnet.py[line:136] INFO [Train] 155 epoch. Loss: 11.84917
Wed, 17 May 2023 02:01:14 train_maxwellnet.py[line:136] INFO [Train] 156 epoch. Loss: 11.84350
Wed, 17 May 2023 02:01:14 train_maxwellnet.py[line:136] INFO [Train] 157 epoch. Loss: 11.83225
Wed, 17 May 2023 02:01:14 train_maxwellnet.py[line:136] INFO [Train] 158 epoch. Loss: 11.82494
Wed, 17 May 2023 02:01:14 train_maxwellnet.py[line:136] INFO [Train] 159 epoch. Loss: 11.81339
Wed, 17 May 2023 02:01:15 train_maxwellnet.py[line:136] INFO [Train] 160 epoch. Loss: 11.81023
Wed, 17 May 2023 02:01:15 train_maxwellnet.py[line:136] INFO [Train] 161 epoch. Loss: 11.79895
Wed, 17 May 2023 02:01:15 train_maxwellnet.py[line:136] INFO [Train] 162 epoch. Loss: 11.79080
Wed, 17 May 2023 02:01:15 train_maxwellnet.py[line:136] INFO [Train] 163 epoch. Loss: 11.77978
Wed, 17 May 2023 02:01:15 train_maxwellnet.py[line:136] INFO [Train] 164 epoch. Loss: 11.77784
Wed, 17 May 2023 02:01:15 train_maxwellnet.py[line:136] INFO [Train] 165 epoch. Loss: 11.76691
Wed, 17 May 2023 02:01:15 train_maxwellnet.py[line:136] INFO [Train] 166 epoch. Loss: 11.75816
Wed, 17 May 2023 02:01:15 train_maxwellnet.py[line:136] INFO [Train] 167 epoch. Loss: 11.74773
Wed, 17 May 2023 02:01:15 train_maxwellnet.py[line:136] INFO [Train] 168 epoch. Loss: 11.74678
Wed, 17 May 2023 02:01:15 train_maxwellnet.py[line:136] INFO [Train] 169 epoch. Loss: 11.73621
Wed, 17 May 2023 02:01:15 train_maxwellnet.py[line:136] INFO [Train] 170 epoch. Loss: 11.72774
Wed, 17 May 2023 02:01:15 train_maxwellnet.py[line:136] INFO [Train] 171 epoch. Loss: 11.71781
Wed, 17 May 2023 02:01:15 train_maxwellnet.py[line:136] INFO [Train] 172 epoch. Loss: 11.71715
Wed, 17 May 2023 02:01:15 train_maxwellnet.py[line:136] INFO [Train] 173 epoch. Loss: 11.70703
Wed, 17 May 2023 02:01:15 train_maxwellnet.py[line:136] INFO [Train] 174 epoch. Loss: 11.69885
Wed, 17 May 2023 02:01:15 train_maxwellnet.py[line:136] INFO [Train] 175 epoch. Loss: 11.68928
Wed, 17 May 2023 02:01:15 train_maxwellnet.py[line:136] INFO [Train] 176 epoch. Loss: 11.68914
Wed, 17 May 2023 02:01:15 train_maxwellnet.py[line:136] INFO [Train] 177 epoch. Loss: 11.67932
Wed, 17 May 2023 02:01:16 train_maxwellnet.py[line:136] INFO [Train] 178 epoch. Loss: 11.67130
Wed, 17 May 2023 02:01:16 train_maxwellnet.py[line:136] INFO [Train] 179 epoch. Loss: 11.66206
Wed, 17 May 2023 02:01:16 train_maxwellnet.py[line:136] INFO [Train] 180 epoch. Loss: 11.66223
Wed, 17 May 2023 02:01:16 train_maxwellnet.py[line:136] INFO [Train] 181 epoch. Loss: 11.65279
Wed, 17 May 2023 02:01:16 train_maxwellnet.py[line:136] INFO [Train] 182 epoch. Loss: 11.64487
Wed, 17 May 2023 02:01:16 train_maxwellnet.py[line:136] INFO [Train] 183 epoch. Loss: 11.63593
Wed, 17 May 2023 02:01:16 train_maxwellnet.py[line:136] INFO [Train] 184 epoch. Loss: 11.63676
Wed, 17 May 2023 02:01:16 train_maxwellnet.py[line:136] INFO [Train] 185 epoch. Loss: 11.62767
Wed, 17 May 2023 02:01:16 train_maxwellnet.py[line:136] INFO [Train] 186 epoch. Loss: 11.61933
Wed, 17 May 2023 02:01:16 train_maxwellnet.py[line:136] INFO [Train] 187 epoch. Loss: 11.61067
Wed, 17 May 2023 02:01:16 train_maxwellnet.py[line:136] INFO [Train] 188 epoch. Loss: 11.61273
Wed, 17 May 2023 02:01:16 train_maxwellnet.py[line:136] INFO [Train] 189 epoch. Loss: 11.60390
Wed, 17 May 2023 02:01:16 train_maxwellnet.py[line:136] INFO [Train] 190 epoch. Loss: 11.59465
Wed, 17 May 2023 02:01:16 train_maxwellnet.py[line:136] INFO [Train] 191 epoch. Loss: 11.58627
Wed, 17 May 2023 02:01:16 train_maxwellnet.py[line:136] INFO [Train] 192 epoch. Loss: 11.58982
Wed, 17 May 2023 02:01:16 train_maxwellnet.py[line:136] INFO [Train] 193 epoch. Loss: 11.58118
Wed, 17 May 2023 02:01:16 train_maxwellnet.py[line:136] INFO [Train] 194 epoch. Loss: 11.57078
Wed, 17 May 2023 02:01:16 train_maxwellnet.py[line:136] INFO [Train] 195 epoch. Loss: 11.56272
Wed, 17 May 2023 02:01:16 train_maxwellnet.py[line:136] INFO [Train] 196 epoch. Loss: 11.56778
Wed, 17 May 2023 02:01:17 train_maxwellnet.py[line:136] INFO [Train] 197 epoch. Loss: 11.55927
Wed, 17 May 2023 02:01:17 train_maxwellnet.py[line:136] INFO [Train] 198 epoch. Loss: 11.54776
Wed, 17 May 2023 02:01:17 train_maxwellnet.py[line:136] INFO [Train] 199 epoch. Loss: 11.54013
Wed, 17 May 2023 02:01:17 train_maxwellnet.py[line:136] INFO [Train] 200 epoch. Loss: 11.54658
Wed, 17 May 2023 02:01:17 train_maxwellnet.py[line:152] INFO 'latest' checkpoint saved at 200 epoch.
